2018-07-10 15:40:52.812 DEBUG 8328 --- [main] o.s.w.c.s.StandardServletEnvironment     : Adding PropertySource 'configurationProperties' with highest search precedence
2018-07-10 15:40:52.854 DEBUG 8328 --- [main] o.s.w.c.s.StandardServletEnvironment     : Adding PropertySource 'servletConfigInitParams' with lowest search precedence
2018-07-10 15:40:52.854 DEBUG 8328 --- [main] o.s.w.c.s.StandardServletEnvironment     : Adding PropertySource 'servletContextInitParams' with lowest search precedence
2018-07-10 15:40:52.854 DEBUG 8328 --- [main] o.s.w.c.s.StandardServletEnvironment     : Adding PropertySource 'systemProperties' with lowest search precedence
2018-07-10 15:40:52.854 DEBUG 8328 --- [main] o.s.w.c.s.StandardServletEnvironment     : Adding PropertySource 'systemEnvironment' with lowest search precedence
2018-07-10 15:40:52.854 DEBUG 8328 --- [main] o.s.w.c.s.StandardServletEnvironment     : Initialized StandardServletEnvironment with PropertySources [StubPropertySource {name='servletConfigInitParams'}, StubPropertySource {name='servletContextInitParams'}, MapPropertySource {name='systemProperties'}, SystemEnvironmentPropertySource {name='systemEnvironment'}]
2018-07-10 15:40:52.901  INFO 8328 --- [main] c.coffeemaster.CoffeemasterApplication   : Starting CoffeemasterApplication on pia with PID 8328 (C:\Users\adil\workspace\coffeemaster\target\classes started by adil in C:\Users\adil\workspace\coffeemaster)
2018-07-10 15:40:52.901  INFO 8328 --- [main] c.coffeemaster.CoffeemasterApplication   : No active profile set, falling back to default profiles: default
2018-07-10 15:40:52.963  INFO 8328 --- [main] ConfigServletWebServerApplicationContext : Refreshing org.springframework.boot.web.servlet.context.AnnotationConfigServletWebServerApplicationContext@15eb5ee5: startup date [Tue Jul 10 15:40:52 EET 2018]; root of context hierarchy
2018-07-10 15:40:53.912  INFO 8328 --- [main] o.s.b.f.s.DefaultListableBeanFactory     : Overriding bean definition for bean 'customerFilter' with a different definition: replacing [Generic bean: class [com.coffeemaster.filter.CustomerFilter]; scope=singleton; abstract=false; lazyInit=false; autowireMode=0; dependencyCheck=0; autowireCandidate=true; primary=false; factoryBeanName=null; factoryMethodName=null; initMethodName=null; destroyMethodName=null; defined in file [C:\Users\adil\workspace\coffeemaster\target\classes\com\coffeemaster\filter\CustomerFilter.class]] with [Root bean: class [null]; scope=; abstract=false; lazyInit=false; autowireMode=3; dependencyCheck=0; autowireCandidate=true; primary=false; factoryBeanName=filterConfig; factoryMethodName=customerFilter; initMethodName=null; destroyMethodName=(inferred); defined in class path resource [com/coffeemaster/config/FilterConfig.class]]
2018-07-10 15:40:54.623 DEBUG 8328 --- [main] o.s.w.c.s.StandardServletEnvironment     : Removing PropertySource 'defaultProperties'
2018-07-10 15:40:54.795  INFO 8328 --- [main] f.a.AutowiredAnnotationBeanPostProcessor : JSR-330 'javax.inject.Inject' annotation found and supported for autowiring
2018-07-10 15:40:54.998  INFO 8328 --- [main] trationDelegate$BeanPostProcessorChecker : Bean 'org.springframework.transaction.annotation.ProxyTransactionManagementConfiguration' of type [org.springframework.transaction.annotation.ProxyTransactionManagementConfiguration$$EnhancerBySpringCGLIB$$7230042c] is not eligible for getting processed by all BeanPostProcessors (for example: not eligible for auto-proxying)
2018-07-10 15:40:55.042  INFO 8328 --- [main] trationDelegate$BeanPostProcessorChecker : Bean 'org.joinfaces.autoconfigure.javaxfaces.JsfBeansAutoConfiguration$Jsf2_3AutoConfiguration' of type [org.joinfaces.autoconfigure.javaxfaces.JsfBeansAutoConfiguration$Jsf2_3AutoConfiguration$$EnhancerBySpringCGLIB$$824b4de1] is not eligible for getting processed by all BeanPostProcessors (for example: not eligible for auto-proxying)
2018-07-10 15:40:55.042  INFO 8328 --- [main] trationDelegate$BeanPostProcessorChecker : Bean 'org.joinfaces.autoconfigure.javaxfaces.JsfBeansAutoConfiguration' of type [org.joinfaces.autoconfigure.javaxfaces.JsfBeansAutoConfiguration$$EnhancerBySpringCGLIB$$3679d2e7] is not eligible for getting processed by all BeanPostProcessors (for example: not eligible for auto-proxying)
2018-07-10 15:40:55.426  INFO 8328 --- [main] o.s.b.w.embedded.tomcat.TomcatWebServer  : Tomcat initialized with port(s): 8091 (http)
2018-07-10 15:40:55.457  INFO 8328 --- [main] o.apache.catalina.core.StandardService   : Starting service [Tomcat]
2018-07-10 15:40:55.457  INFO 8328 --- [main] org.apache.catalina.core.StandardEngine  : Starting Servlet Engine: Apache Tomcat/8.5.31
2018-07-10 15:40:55.457  INFO 8328 --- [localhost-startStop-1] o.a.catalina.core.AprLifecycleListener   : The APR based Apache Tomcat Native library which allows optimal performance in production environments was not found on the java.library.path: [C:\Program Files (x86)\Java\bin;C:\WINDOWS\Sun\Java\bin;C:\WINDOWS\system32;C:\WINDOWS;C:/Program Files (x86)/Java/bin/server;C:/Program Files (x86)/Java/bin;C:/Program Files (x86)/Java/lib/amd64;C:\Program Files\Microsoft MPI\Bin\;C:\Program Files (x86)\Common Files\Oracle\Java\javapath;C:\WINDOWS\system32;C:\WINDOWS;C:\WINDOWS\System32\Wbem;C:\WINDOWS\System32\WindowsPowerShell\v1.0\C:\Program Files\Java\jdk1.8.0_171\bin;C:\Users\adil\Desktop\Kurulum Dosyalari\apache-maven-3.5.2\bin;C:\Program Files\nodejs\;C:\Program Files\Git\cmd;C:\Program Files\dotnet\;c:\Program Files (x86)\Microsoft SQL Server\110\Tools\Binn\ManagementStudio\;c:\Program Files (x86)\Microsoft SQL Server\110\Tools\Binn\;c:\Program Files\Microsoft SQL Server\110\Tools\Binn\;c:\Program Files (x86)\Microsoft SQL Server\110\DTS\Binn\;c:\Program Files\Microsoft SQL Server\110\DTS\Binn\;C:\Program Files\Microsoft SQL Server\Client SDK\ODBC\130\Tools\Binn\;C:\Program Files (x86)\Microsoft SQL Server\140\Tools\Binn\;C:\Program Files\Microsoft SQL Server\140\Tools\Binn\;C:\Program Files\Microsoft SQL Server\140\DTS\Binn\;C:\Program Files (x86)\Microsoft SQL Server\Client SDK\ODBC\130\Tools\Binn\;C:\Program Files (x86)\Microsoft SQL Server\140\DTS\Binn\;C:\Program Files (x86)\Microsoft SQL Server\140\Tools\Binn\ManagementStudio\;C:\Program Files (x86)\Microsoft SDKs\TypeScript\1.0\;;C:\Program Files\Microsoft VS Code\bin;C:\Users\adil\AppData\Roaming\npm;C:\Users\adil\eclipse;;.]
2018-07-10 15:40:55.837  INFO 8328 --- [localhost-startStop-1] org.apache.jasper.servlet.TldScanner     : At least one JAR was scanned for TLDs yet contained no TLDs. Enable debug logging for this logger for a complete list of JARs that were scanned but no TLDs were found in them. Skipping unneeded JARs during scanning can improve startup time and JSP compilation time.
2018-07-10 15:40:55.852  INFO 8328 --- [localhost-startStop-1] o.a.c.c.C.[Tomcat].[localhost].[/]       : Initializing Spring embedded WebApplicationContext
2018-07-10 15:40:55.852 DEBUG 8328 --- [localhost-startStop-1] o.s.web.context.ContextLoader            : Published root WebApplicationContext as ServletContext attribute with name [org.springframework.web.context.WebApplicationContext.ROOT]
2018-07-10 15:40:55.852  INFO 8328 --- [localhost-startStop-1] o.s.web.context.ContextLoader            : Root WebApplicationContext: initialization completed in 2889 ms
2018-07-10 15:40:56.258  INFO 8328 --- [localhost-startStop-1] o.s.b.w.servlet.ServletRegistrationBean  : Servlet FacesServlet mapped to [/faces/*, *.jsf, *.faces, *.xhtml]
2018-07-10 15:40:56.274  INFO 8328 --- [localhost-startStop-1] o.s.b.w.servlet.ServletRegistrationBean  : Servlet dispatcherServlet mapped to [/]
2018-07-10 15:40:56.305  INFO 8328 --- [localhost-startStop-1] o.s.b.w.servlet.FilterRegistrationBean   : Mapping filter: 'characterEncodingFilter' to: [/*]
2018-07-10 15:40:56.305  INFO 8328 --- [localhost-startStop-1] o.s.b.w.servlet.FilterRegistrationBean   : Mapping filter: 'hiddenHttpMethodFilter' to: [/*]
2018-07-10 15:40:56.305  INFO 8328 --- [localhost-startStop-1] o.s.b.w.servlet.FilterRegistrationBean   : Mapping filter: 'httpPutFormContentFilter' to: [/*]
2018-07-10 15:40:56.305  INFO 8328 --- [localhost-startStop-1] o.s.b.w.servlet.FilterRegistrationBean   : Mapping filter: 'requestContextFilter' to: [/*]
2018-07-10 15:40:56.305  INFO 8328 --- [localhost-startStop-1] o.s.b.w.servlet.FilterRegistrationBean   : Mapping filter: 'customerFilter' to urls: [/product/*]
2018-07-10 15:40:56.305  INFO 8328 --- [localhost-startStop-1] o.s.b.w.servlet.FilterRegistrationBean   : Mapping filter: 'reporterFilter' to urls: [/report/*]
2018-07-10 15:40:56.305  INFO 8328 --- [localhost-startStop-1] o.s.b.w.servlet.FilterRegistrationBean   : Mapping filter: 'managerFilter' to urls: [/manager/*]
2018-07-10 15:40:56.305  INFO 8328 --- [localhost-startStop-1] o.s.b.w.servlet.FilterRegistrationBean   : Mapping filter: 'openEntityManagerInViewFilter' to: [/*]
2018-07-10 15:40:56.945  INFO 8328 --- [localhost-startStop-1] org.reflections.Reflections              : Reflections took 484 ms to scan 6 urls, producing 765 keys and 4211 values 
2018-07-10 15:40:57.567  INFO 8328 --- [localhost-startStop-1] j.e.resource.webcontainer.jsf.config     : Initializing Mojarra 2.3.5 ( 20180516-1910 bf35b0f6c540c69e80e6da962a2b62756838ac41) for context ''
2018-07-10 15:40:57.833  INFO 8328 --- [localhost-startStop-1] j.e.r.webcontainer.jsf.application       : JSF1048: PostConstruct/PreDestroy annotations present.  ManagedBeans methods marked with these annotations will have said annotations processed.
2018-07-10 15:40:58.457  INFO 8328 --- [localhost-startStop-1] .w.PostConstructApplicationEventListener : Running on PrimeFaces 6.2
2018-07-10 15:40:58.461  INFO 8328 --- [localhost-startStop-1] .a.PostConstructApplicationEventListener : Running on PrimeFaces Extensions 6.2.4
2018-07-10 15:40:58.461  INFO 8328 --- [localhost-startStop-1] o.omnifaces.VersionLoggerEventListener   : Using OmniFaces version 1.14.1
2018-07-10 15:40:58.505 DEBUG 8328 --- [main] o.s.w.c.s.StandardServletEnvironment     : Replacing PropertySource 'servletContextInitParams' with 'servletContextInitParams'
2018-07-10 15:40:58.705  INFO 8328 --- [main] j.LocalContainerEntityManagerFactoryBean : Building JPA container EntityManagerFactory for persistence unit 'default'
2018-07-10 15:40:59.029  INFO 8328 --- [main] com.zaxxer.hikari.HikariDataSource       : HikariPool-1 - Starting...
2018-07-10 15:40:59.200  INFO 8328 --- [main] com.zaxxer.hikari.HikariDataSource       : HikariPool-1 - Start completed.
2018-07-10 15:41:00.785  INFO 8328 --- [main] j.LocalContainerEntityManagerFactoryBean : Initialized JPA EntityManagerFactory for persistence unit 'default'
2018-07-10 15:41:01.744  INFO 8328 --- [main] c.c.controller.OrderController           : All Product
2018-07-10 15:41:01.936  INFO 8328 --- [main] o.s.w.s.handler.SimpleUrlHandlerMapping  : Mapped URL path [/**/favicon.ico] onto handler of type [class org.springframework.web.servlet.resource.ResourceHttpRequestHandler]
2018-07-10 15:41:02.266  INFO 8328 --- [main] s.w.s.m.m.a.RequestMappingHandlerAdapter : Looking for @ControllerAdvice: org.springframework.boot.web.servlet.context.AnnotationConfigServletWebServerApplicationContext@15eb5ee5: startup date [Tue Jul 10 15:40:52 EET 2018]; root of context hierarchy
2018-07-10 15:41:02.342 DEBUG 8328 --- [main] s.w.s.m.m.a.RequestMappingHandlerMapping : Looking for request mappings in application context: org.springframework.boot.web.servlet.context.AnnotationConfigServletWebServerApplicationContext@15eb5ee5: startup date [Tue Jul 10 15:40:52 EET 2018]; root of context hierarchy
2018-07-10 15:41:02.362 DEBUG 8328 --- [main] s.w.s.m.m.a.RequestMappingHandlerMapping : 2 request handler methods found on class org.springframework.boot.autoconfigure.web.servlet.error.BasicErrorController: {public org.springframework.http.ResponseEntity org.springframework.boot.autoconfigure.web.servlet.error.BasicErrorController.error(javax.servlet.http.HttpServletRequest)={[/error]}, public org.springframework.web.servlet.ModelAndView org.springframework.boot.autoconfigure.web.servlet.error.BasicErrorController.errorHtml(javax.servlet.http.HttpServletRequest,javax.servlet.http.HttpServletResponse)={[/error],produces=[text/html]}}
2018-07-10 15:41:02.370  INFO 8328 --- [main] s.w.s.m.m.a.RequestMappingHandlerMapping : Mapped "{[/error]}" onto public org.springframework.http.ResponseEntity<java.util.Map<java.lang.String, java.lang.Object>> org.springframework.boot.autoconfigure.web.servlet.error.BasicErrorController.error(javax.servlet.http.HttpServletRequest)
2018-07-10 15:41:02.370  INFO 8328 --- [main] s.w.s.m.m.a.RequestMappingHandlerMapping : Mapped "{[/error],produces=[text/html]}" onto public org.springframework.web.servlet.ModelAndView org.springframework.boot.autoconfigure.web.servlet.error.BasicErrorController.errorHtml(javax.servlet.http.HttpServletRequest,javax.servlet.http.HttpServletResponse)
2018-07-10 15:41:02.410 DEBUG 8328 --- [main] o.s.w.s.h.BeanNameUrlHandlerMapping      : Looking for URL mappings in application context: org.springframework.boot.web.servlet.context.AnnotationConfigServletWebServerApplicationContext@15eb5ee5: startup date [Tue Jul 10 15:40:52 EET 2018]; root of context hierarchy
2018-07-10 15:41:02.410 DEBUG 8328 --- [main] o.s.w.s.h.BeanNameUrlHandlerMapping      : Rejected bean name 'org.springframework.context.annotation.internalConfigurationAnnotationProcessor': no URL paths identified
2018-07-10 15:41:02.414 DEBUG 8328 --- [main] o.s.w.s.h.BeanNameUrlHandlerMapping      : Rejected bean name 'org.springframework.context.annotation.internalAutowiredAnnotationProcessor': no URL paths identified
2018-07-10 15:41:02.414 DEBUG 8328 --- [main] o.s.w.s.h.BeanNameUrlHandlerMapping      : Rejected bean name 'org.springframework.context.annotation.internalRequiredAnnotationProcessor': no URL paths identified
2018-07-10 15:41:02.414 DEBUG 8328 --- [main] o.s.w.s.h.BeanNameUrlHandlerMapping      : Rejected bean name 'org.springframework.context.annotation.internalCommonAnnotationProcessor': no URL paths identified
2018-07-10 15:41:02.414 DEBUG 8328 --- [main] o.s.w.s.h.BeanNameUrlHandlerMapping      : Rejected bean name 'org.springframework.context.annotation.internalPersistenceAnnotationProcessor': no URL paths identified
2018-07-10 15:41:02.414 DEBUG 8328 --- [main] o.s.w.s.h.BeanNameUrlHandlerMapping      : Rejected bean name 'org.springframework.context.event.internalEventListenerProcessor': no URL paths identified
2018-07-10 15:41:02.414 DEBUG 8328 --- [main] o.s.w.s.h.BeanNameUrlHandlerMapping      : Rejected bean name 'org.springframework.context.event.internalEventListenerFactory': no URL paths identified
2018-07-10 15:41:02.414 DEBUG 8328 --- [main] o.s.w.s.h.BeanNameUrlHandlerMapping      : Rejected bean name 'coffeemasterApplication': no URL paths identified
2018-07-10 15:41:02.414 DEBUG 8328 --- [main] o.s.w.s.h.BeanNameUrlHandlerMapping      : Rejected bean name 'org.springframework.boot.autoconfigure.internalCachingMetadataReaderFactory': no URL paths identified
2018-07-10 15:41:02.414 DEBUG 8328 --- [main] o.s.w.s.h.BeanNameUrlHandlerMapping      : Rejected bean name 'scopedTarget.languageBean': no URL paths identified
2018-07-10 15:41:02.414 DEBUG 8328 --- [main] o.s.w.s.h.BeanNameUrlHandlerMapping      : Rejected bean name 'languageBean': no URL paths identified
2018-07-10 15:41:02.414 DEBUG 8328 --- [main] o.s.w.s.h.BeanNameUrlHandlerMapping      : Rejected bean name 'scopedTarget.sessionBean': no URL paths identified
2018-07-10 15:41:02.414 DEBUG 8328 --- [main] o.s.w.s.h.BeanNameUrlHandlerMapping      : Rejected bean name 'sessionBean': no URL paths identified
2018-07-10 15:41:02.414 DEBUG 8328 --- [main] o.s.w.s.h.BeanNameUrlHandlerMapping      : Rejected bean name 'filterConfig': no URL paths identified
2018-07-10 15:41:02.414 DEBUG 8328 --- [main] o.s.w.s.h.BeanNameUrlHandlerMapping      : Rejected bean name 'filterReportController': no URL paths identified
2018-07-10 15:41:02.414 DEBUG 8328 --- [main] o.s.w.s.h.BeanNameUrlHandlerMapping      : Rejected bean name 'loginController': no URL paths identified
2018-07-10 15:41:02.414 DEBUG 8328 --- [main] o.s.w.s.h.BeanNameUrlHandlerMapping      : Rejected bean name 'orderController': no URL paths identified
2018-07-10 15:41:02.414 DEBUG 8328 --- [main] o.s.w.s.h.BeanNameUrlHandlerMapping      : Rejected bean name 'orderDetailController': no URL paths identified
2018-07-10 15:41:02.414 DEBUG 8328 --- [main] o.s.w.s.h.BeanNameUrlHandlerMapping      : Rejected bean name 'registerController': no URL paths identified
2018-07-10 15:41:02.414 DEBUG 8328 --- [main] o.s.w.s.h.BeanNameUrlHandlerMapping      : Rejected bean name 'reportController': no URL paths identified
2018-07-10 15:41:02.414 DEBUG 8328 --- [main] o.s.w.s.h.BeanNameUrlHandlerMapping      : Rejected bean name 'additionDao': no URL paths identified
2018-07-10 15:41:02.414 DEBUG 8328 --- [main] o.s.w.s.h.BeanNameUrlHandlerMapping      : Rejected bean name 'managerDao': no URL paths identified
2018-07-10 15:41:02.414 DEBUG 8328 --- [main] o.s.w.s.h.BeanNameUrlHandlerMapping      : Rejected bean name 'orderDao': no URL paths identified
2018-07-10 15:41:02.414 DEBUG 8328 --- [main] o.s.w.s.h.BeanNameUrlHandlerMapping      : Rejected bean name 'productDao': no URL paths identified
2018-07-10 15:41:02.414 DEBUG 8328 --- [main] o.s.w.s.h.BeanNameUrlHandlerMapping      : Rejected bean name 'relationModelDao': no URL paths identified
2018-07-10 15:41:02.414 DEBUG 8328 --- [main] o.s.w.s.h.BeanNameUrlHandlerMapping      : Rejected bean name 'reportDao': no URL paths identified
2018-07-10 15:41:02.414 DEBUG 8328 --- [main] o.s.w.s.h.BeanNameUrlHandlerMapping      : Rejected bean name 'reporterDao': no URL paths identified
2018-07-10 15:41:02.414 DEBUG 8328 --- [main] o.s.w.s.h.BeanNameUrlHandlerMapping      : Rejected bean name 'userDao': no URL paths identified
2018-07-10 15:41:02.414 DEBUG 8328 --- [main] o.s.w.s.h.BeanNameUrlHandlerMapping      : Rejected bean name 'customerFilter': no URL paths identified
2018-07-10 15:41:02.414 DEBUG 8328 --- [main] o.s.w.s.h.BeanNameUrlHandlerMapping      : Rejected bean name 'priceCalculation': no URL paths identified
2018-07-10 15:41:02.414 DEBUG 8328 --- [main] o.s.w.s.h.BeanNameUrlHandlerMapping      : Rejected bean name 'reporterFilter': no URL paths identified
2018-07-10 15:41:02.414 DEBUG 8328 --- [main] o.s.w.s.h.BeanNameUrlHandlerMapping      : Rejected bean name 'managerFilter': no URL paths identified
2018-07-10 15:41:02.414 DEBUG 8328 --- [main] o.s.w.s.h.BeanNameUrlHandlerMapping      : Rejected bean name 'org.springframework.boot.autoconfigure.AutoConfigurationPackages': no URL paths identified
2018-07-10 15:41:02.414 DEBUG 8328 --- [main] o.s.w.s.h.BeanNameUrlHandlerMapping      : Rejected bean name 'org.springframework.boot.autoconfigure.context.PropertyPlaceholderAutoConfiguration': no URL paths identified
2018-07-10 15:41:02.414 DEBUG 8328 --- [main] o.s.w.s.h.BeanNameUrlHandlerMapping      : Rejected bean name 'org.springframework.boot.autoconfigure.condition.BeanTypeRegistry': no URL paths identified
2018-07-10 15:41:02.414 DEBUG 8328 --- [main] o.s.w.s.h.BeanNameUrlHandlerMapping      : Rejected bean name 'propertySourcesPlaceholderConfigurer': no URL paths identified
2018-07-10 15:41:02.414 DEBUG 8328 --- [main] o.s.w.s.h.BeanNameUrlHandlerMapping      : Rejected bean name 'org.springframework.boot.autoconfigure.websocket.servlet.WebSocketServletAutoConfiguration$TomcatWebSocketConfiguration': no URL paths identified
2018-07-10 15:41:02.414 DEBUG 8328 --- [main] o.s.w.s.h.BeanNameUrlHandlerMapping      : Rejected bean name 'websocketContainerCustomizer': no URL paths identified
2018-07-10 15:41:02.418 DEBUG 8328 --- [main] o.s.w.s.h.BeanNameUrlHandlerMapping      : Rejected bean name 'org.springframework.boot.autoconfigure.websocket.servlet.WebSocketServletAutoConfiguration': no URL paths identified
2018-07-10 15:41:02.418 DEBUG 8328 --- [main] o.s.w.s.h.BeanNameUrlHandlerMapping      : Rejected bean name 'org.springframework.boot.autoconfigure.web.servlet.ServletWebServerFactoryConfiguration$EmbeddedTomcat': no URL paths identified
2018-07-10 15:41:02.418 DEBUG 8328 --- [main] o.s.w.s.h.BeanNameUrlHandlerMapping      : Rejected bean name 'tomcatServletWebServerFactory': no URL paths identified
2018-07-10 15:41:02.418 DEBUG 8328 --- [main] o.s.w.s.h.BeanNameUrlHandlerMapping      : Rejected bean name 'org.springframework.boot.autoconfigure.web.servlet.ServletWebServerFactoryAutoConfiguration': no URL paths identified
2018-07-10 15:41:02.418 DEBUG 8328 --- [main] o.s.w.s.h.BeanNameUrlHandlerMapping      : Rejected bean name 'servletWebServerFactoryCustomizer': no URL paths identified
2018-07-10 15:41:02.418 DEBUG 8328 --- [main] o.s.w.s.h.BeanNameUrlHandlerMapping      : Rejected bean name 'tomcatServletWebServerFactoryCustomizer': no URL paths identified
2018-07-10 15:41:02.418 DEBUG 8328 --- [main] o.s.w.s.h.BeanNameUrlHandlerMapping      : Rejected bean name 'server-org.springframework.boot.autoconfigure.web.ServerProperties': no URL paths identified
2018-07-10 15:41:02.418 DEBUG 8328 --- [main] o.s.w.s.h.BeanNameUrlHandlerMapping      : Rejected bean name 'org.springframework.boot.context.properties.ConfigurationPropertiesBindingPostProcessor': no URL paths identified
2018-07-10 15:41:02.418 DEBUG 8328 --- [main] o.s.w.s.h.BeanNameUrlHandlerMapping      : Rejected bean name 'org.springframework.boot.context.properties.ConfigurationBeanFactoryMetadata': no URL paths identified
2018-07-10 15:41:02.418 DEBUG 8328 --- [main] o.s.w.s.h.BeanNameUrlHandlerMapping      : Rejected bean name 'webServerFactoryCustomizerBeanPostProcessor': no URL paths identified
2018-07-10 15:41:02.418 DEBUG 8328 --- [main] o.s.w.s.h.BeanNameUrlHandlerMapping      : Rejected bean name 'errorPageRegistrarBeanPostProcessor': no URL paths identified
2018-07-10 15:41:02.418 DEBUG 8328 --- [main] o.s.w.s.h.BeanNameUrlHandlerMapping      : Rejected bean name 'org.springframework.boot.autoconfigure.web.servlet.DispatcherServletAutoConfiguration$DispatcherServletConfiguration': no URL paths identified
2018-07-10 15:41:02.418 DEBUG 8328 --- [main] o.s.w.s.h.BeanNameUrlHandlerMapping      : Rejected bean name 'dispatcherServlet': no URL paths identified
2018-07-10 15:41:02.418 DEBUG 8328 --- [main] o.s.w.s.h.BeanNameUrlHandlerMapping      : Rejected bean name 'mainDispatcherServletPathProvider': no URL paths identified
2018-07-10 15:41:02.418 DEBUG 8328 --- [main] o.s.w.s.h.BeanNameUrlHandlerMapping      : Rejected bean name 'spring.mvc-org.springframework.boot.autoconfigure.web.servlet.WebMvcProperties': no URL paths identified
2018-07-10 15:41:02.418 DEBUG 8328 --- [main] o.s.w.s.h.BeanNameUrlHandlerMapping      : Rejected bean name 'org.springframework.boot.autoconfigure.web.servlet.DispatcherServletAutoConfiguration$DispatcherServletRegistrationConfiguration': no URL paths identified
2018-07-10 15:41:02.418 DEBUG 8328 --- [main] o.s.w.s.h.BeanNameUrlHandlerMapping      : Rejected bean name 'dispatcherServletRegistration': no URL paths identified
2018-07-10 15:41:02.418 DEBUG 8328 --- [main] o.s.w.s.h.BeanNameUrlHandlerMapping      : Rejected bean name 'org.springframework.boot.autoconfigure.web.servlet.DispatcherServletAutoConfiguration': no URL paths identified
2018-07-10 15:41:02.418 DEBUG 8328 --- [main] o.s.w.s.h.BeanNameUrlHandlerMapping      : Rejected bean name 'org.springframework.boot.autoconfigure.validation.ValidationAutoConfiguration': no URL paths identified
2018-07-10 15:41:02.418 DEBUG 8328 --- [main] o.s.w.s.h.BeanNameUrlHandlerMapping      : Rejected bean name 'defaultValidator': no URL paths identified
2018-07-10 15:41:02.422 DEBUG 8328 --- [main] o.s.w.s.h.BeanNameUrlHandlerMapping      : Rejected bean name 'methodValidationPostProcessor': no URL paths identified
2018-07-10 15:41:02.422 DEBUG 8328 --- [main] o.s.w.s.h.BeanNameUrlHandlerMapping      : Rejected bean name 'org.springframework.boot.autoconfigure.web.servlet.error.ErrorMvcAutoConfiguration$WhitelabelErrorViewConfiguration': no URL paths identified
2018-07-10 15:41:02.422 DEBUG 8328 --- [main] o.s.w.s.h.BeanNameUrlHandlerMapping      : Rejected bean name 'error': no URL paths identified
2018-07-10 15:41:02.422 DEBUG 8328 --- [main] o.s.w.s.h.BeanNameUrlHandlerMapping      : Rejected bean name 'beanNameViewResolver': no URL paths identified
2018-07-10 15:41:02.422 DEBUG 8328 --- [main] o.s.w.s.h.BeanNameUrlHandlerMapping      : Rejected bean name 'org.springframework.boot.autoconfigure.web.servlet.error.ErrorMvcAutoConfiguration$DefaultErrorViewResolverConfiguration': no URL paths identified
2018-07-10 15:41:02.422 DEBUG 8328 --- [main] o.s.w.s.h.BeanNameUrlHandlerMapping      : Rejected bean name 'conventionErrorViewResolver': no URL paths identified
2018-07-10 15:41:02.422 DEBUG 8328 --- [main] o.s.w.s.h.BeanNameUrlHandlerMapping      : Rejected bean name 'org.springframework.boot.autoconfigure.web.servlet.error.ErrorMvcAutoConfiguration': no URL paths identified
2018-07-10 15:41:02.422 DEBUG 8328 --- [main] o.s.w.s.h.BeanNameUrlHandlerMapping      : Rejected bean name 'errorAttributes': no URL paths identified
2018-07-10 15:41:02.422 DEBUG 8328 --- [main] o.s.w.s.h.BeanNameUrlHandlerMapping      : Rejected bean name 'basicErrorController': no URL paths identified
2018-07-10 15:41:02.422 DEBUG 8328 --- [main] o.s.w.s.h.BeanNameUrlHandlerMapping      : Rejected bean name 'errorPageCustomizer': no URL paths identified
2018-07-10 15:41:02.422 DEBUG 8328 --- [main] o.s.w.s.h.BeanNameUrlHandlerMapping      : Rejected bean name 'preserveErrorControllerTargetClassPostProcessor': no URL paths identified
2018-07-10 15:41:02.422 DEBUG 8328 --- [main] o.s.w.s.h.BeanNameUrlHandlerMapping      : Rejected bean name 'spring.resources-org.springframework.boot.autoconfigure.web.ResourceProperties': no URL paths identified
2018-07-10 15:41:02.422 DEBUG 8328 --- [main] o.s.w.s.h.BeanNameUrlHandlerMapping      : Rejected bean name 'org.joinfaces.autoconfigure.omnifaces.OmnifacesAutoConfiguration$Omnifaces1AutoConfiguration': no URL paths identified
2018-07-10 15:41:02.422 DEBUG 8328 --- [main] o.s.w.s.h.BeanNameUrlHandlerMapping      : Rejected bean name 'omnifacesServletContainerInitializer': no URL paths identified
2018-07-10 15:41:02.422 DEBUG 8328 --- [main] o.s.w.s.h.BeanNameUrlHandlerMapping      : Rejected bean name 'org.joinfaces.autoconfigure.omnifaces.OmnifacesAutoConfiguration': no URL paths identified
2018-07-10 15:41:02.422 DEBUG 8328 --- [main] o.s.w.s.h.BeanNameUrlHandlerMapping      : Rejected bean name 'jsf.omnifaces-org.joinfaces.autoconfigure.omnifaces.OmnifacesProperties': no URL paths identified
2018-07-10 15:41:02.422 DEBUG 8328 --- [main] o.s.w.s.h.BeanNameUrlHandlerMapping      : Rejected bean name 'servletComponentRegisteringPostProcessor': no URL paths identified
2018-07-10 15:41:02.422 DEBUG 8328 --- [main] o.s.w.s.h.BeanNameUrlHandlerMapping      : Rejected bean name 'org.joinfaces.autoconfigure.primefaces.PrimefacesAutoConfiguration$Primefaces6_2AutoConfiguration': no URL paths identified
2018-07-10 15:41:02.422 DEBUG 8328 --- [main] o.s.w.s.h.BeanNameUrlHandlerMapping      : Rejected bean name 'jsf.primefaces-org.joinfaces.autoconfigure.primefaces.Primefaces6_2Properties': no URL paths identified
2018-07-10 15:41:02.426 DEBUG 8328 --- [main] o.s.w.s.h.BeanNameUrlHandlerMapping      : Rejected bean name 'org.joinfaces.autoconfigure.primefaces.PrimefacesAutoConfiguration$Primefaces6_0AutoConfiguration': no URL paths identified
2018-07-10 15:41:02.426 DEBUG 8328 --- [main] o.s.w.s.h.BeanNameUrlHandlerMapping      : Rejected bean name 'jsf.primefaces-org.joinfaces.autoconfigure.primefaces.Primefaces6_0Properties': no URL paths identified
2018-07-10 15:41:02.426 DEBUG 8328 --- [main] o.s.w.s.h.BeanNameUrlHandlerMapping      : Rejected bean name 'org.joinfaces.autoconfigure.primefaces.PrimefacesAutoConfiguration$Primefaces5_2AutoConfiguration': no URL paths identified
2018-07-10 15:41:02.426 DEBUG 8328 --- [main] o.s.w.s.h.BeanNameUrlHandlerMapping      : Rejected bean name 'jsf.primefaces-org.joinfaces.autoconfigure.primefaces.Primefaces5_2Properties': no URL paths identified
2018-07-10 15:41:02.426 DEBUG 8328 --- [main] o.s.w.s.h.BeanNameUrlHandlerMapping      : Rejected bean name 'org.joinfaces.autoconfigure.primefaces.PrimefacesAutoConfiguration$Primefaces5_1AutoConfiguration': no URL paths identified
2018-07-10 15:41:02.426 DEBUG 8328 --- [main] o.s.w.s.h.BeanNameUrlHandlerMapping      : Rejected bean name 'jsf.primefaces-org.joinfaces.autoconfigure.primefaces.Primefaces5_1Properties': no URL paths identified
2018-07-10 15:41:02.426 DEBUG 8328 --- [main] o.s.w.s.h.BeanNameUrlHandlerMapping      : Rejected bean name 'org.joinfaces.autoconfigure.primefaces.PrimefacesAutoConfiguration$Primefaces5_0AutoConfiguration': no URL paths identified
2018-07-10 15:41:02.426 DEBUG 8328 --- [main] o.s.w.s.h.BeanNameUrlHandlerMapping      : Rejected bean name 'jsf.primefaces-org.joinfaces.autoconfigure.primefaces.Primefaces5_0Properties': no URL paths identified
2018-07-10 15:41:02.426 DEBUG 8328 --- [main] o.s.w.s.h.BeanNameUrlHandlerMapping      : Rejected bean name 'org.joinfaces.autoconfigure.primefaces.PrimefacesAutoConfiguration$Primefaces4_0AutoConfiguration': no URL paths identified
2018-07-10 15:41:02.426 DEBUG 8328 --- [main] o.s.w.s.h.BeanNameUrlHandlerMapping      : Rejected bean name 'jsf.primefaces-org.joinfaces.autoconfigure.primefaces.Primefaces4_0Properties': no URL paths identified
2018-07-10 15:41:02.426 DEBUG 8328 --- [main] o.s.w.s.h.BeanNameUrlHandlerMapping      : Rejected bean name 'org.joinfaces.autoconfigure.primefaces.PrimefacesAutoConfiguration': no URL paths identified
2018-07-10 15:41:02.426 DEBUG 8328 --- [main] o.s.w.s.h.BeanNameUrlHandlerMapping      : Rejected bean name 'org.joinfaces.autoconfigure.javaxfaces.ProjectStageAutoConfiguration': no URL paths identified
2018-07-10 15:41:02.426 DEBUG 8328 --- [main] o.s.w.s.h.BeanNameUrlHandlerMapping      : Rejected bean name 'productionProjectStageCustomizer': no URL paths identified
2018-07-10 15:41:02.426 DEBUG 8328 --- [main] o.s.w.s.h.BeanNameUrlHandlerMapping      : Rejected bean name 'org.joinfaces.autoconfigure.javaxfaces.JavaxFacesAutoConfiguration$JavaxFaces2_3AutoConfiguration': no URL paths identified
2018-07-10 15:41:02.426 DEBUG 8328 --- [main] o.s.w.s.h.BeanNameUrlHandlerMapping      : Rejected bean name 'disableFacesservletToXhtml': no URL paths identified
2018-07-10 15:41:02.426 DEBUG 8328 --- [main] o.s.w.s.h.BeanNameUrlHandlerMapping      : Rejected bean name 'jsf-org.joinfaces.autoconfigure.javaxfaces.JavaxFaces2_3Properties': no URL paths identified
2018-07-10 15:41:02.426 DEBUG 8328 --- [main] o.s.w.s.h.BeanNameUrlHandlerMapping      : Rejected bean name 'org.joinfaces.autoconfigure.javaxfaces.JavaxFacesAutoConfiguration$JavaxFaces2_2AutoConfiguration': no URL paths identified
2018-07-10 15:41:02.426 DEBUG 8328 --- [main] o.s.w.s.h.BeanNameUrlHandlerMapping      : Rejected bean name 'jsf-org.joinfaces.autoconfigure.javaxfaces.JavaxFaces2_2Properties': no URL paths identified
2018-07-10 15:41:02.426 DEBUG 8328 --- [main] o.s.w.s.h.BeanNameUrlHandlerMapping      : Rejected bean name 'org.joinfaces.autoconfigure.javaxfaces.JavaxFacesAutoConfiguration$JavaxFaces2_1AutoConfiguration': no URL paths identified
2018-07-10 15:41:02.426 DEBUG 8328 --- [main] o.s.w.s.h.BeanNameUrlHandlerMapping      : Rejected bean name 'jsf-org.joinfaces.autoconfigure.javaxfaces.JavaxFaces2_1Properties': no URL paths identified
2018-07-10 15:41:02.426 DEBUG 8328 --- [main] o.s.w.s.h.BeanNameUrlHandlerMapping      : Rejected bean name 'org.joinfaces.autoconfigure.javaxfaces.JavaxFacesAutoConfiguration$JavaxFaces2_0AutoConfiguration': no URL paths identified
2018-07-10 15:41:02.426 DEBUG 8328 --- [main] o.s.w.s.h.BeanNameUrlHandlerMapping      : Rejected bean name 'jsf-org.joinfaces.autoconfigure.javaxfaces.JavaxFaces2_0Properties': no URL paths identified
2018-07-10 15:41:02.430 DEBUG 8328 --- [main] o.s.w.s.h.BeanNameUrlHandlerMapping      : Rejected bean name 'org.joinfaces.autoconfigure.javaxfaces.JavaxFacesAutoConfiguration': no URL paths identified
2018-07-10 15:41:02.430 DEBUG 8328 --- [main] o.s.w.s.h.BeanNameUrlHandlerMapping      : Rejected bean name 'org.joinfaces.autoconfigure.mojarra.MojarraAutoConfiguration': no URL paths identified
2018-07-10 15:41:02.430 DEBUG 8328 --- [main] o.s.w.s.h.BeanNameUrlHandlerMapping      : Rejected bean name 'mojarraServletContainerInitializer': no URL paths identified
2018-07-10 15:41:02.430 DEBUG 8328 --- [main] o.s.w.s.h.BeanNameUrlHandlerMapping      : Rejected bean name 'jsf.mojarra-org.joinfaces.autoconfigure.mojarra.MojarraProperties': no URL paths identified
2018-07-10 15:41:02.430 DEBUG 8328 --- [main] o.s.w.s.h.BeanNameUrlHandlerMapping      : Rejected bean name 'org.springframework.boot.autoconfigure.web.servlet.WebMvcAutoConfiguration$WebMvcAutoConfigurationAdapter$FaviconConfiguration': no URL paths identified
2018-07-10 15:41:02.430 DEBUG 8328 --- [main] o.s.w.s.h.BeanNameUrlHandlerMapping      : Rejected bean name 'faviconHandlerMapping': no URL paths identified
2018-07-10 15:41:02.430 DEBUG 8328 --- [main] o.s.w.s.h.BeanNameUrlHandlerMapping      : Rejected bean name 'faviconRequestHandler': no URL paths identified
2018-07-10 15:41:02.430 DEBUG 8328 --- [main] o.s.w.s.h.BeanNameUrlHandlerMapping      : Rejected bean name 'org.springframework.boot.autoconfigure.web.servlet.WebMvcAutoConfiguration$EnableWebMvcConfiguration': no URL paths identified
2018-07-10 15:41:02.430 DEBUG 8328 --- [main] o.s.w.s.h.BeanNameUrlHandlerMapping      : Rejected bean name 'requestMappingHandlerAdapter': no URL paths identified
2018-07-10 15:41:02.430 DEBUG 8328 --- [main] o.s.w.s.h.BeanNameUrlHandlerMapping      : Rejected bean name 'requestMappingHandlerMapping': no URL paths identified
2018-07-10 15:41:02.430 DEBUG 8328 --- [main] o.s.w.s.h.BeanNameUrlHandlerMapping      : Rejected bean name 'mvcConversionService': no URL paths identified
2018-07-10 15:41:02.430 DEBUG 8328 --- [main] o.s.w.s.h.BeanNameUrlHandlerMapping      : Rejected bean name 'mvcValidator': no URL paths identified
2018-07-10 15:41:02.430 DEBUG 8328 --- [main] o.s.w.s.h.BeanNameUrlHandlerMapping      : Rejected bean name 'mvcContentNegotiationManager': no URL paths identified
2018-07-10 15:41:02.430 DEBUG 8328 --- [main] o.s.w.s.h.BeanNameUrlHandlerMapping      : Rejected bean name 'mvcPathMatcher': no URL paths identified
2018-07-10 15:41:02.430 DEBUG 8328 --- [main] o.s.w.s.h.BeanNameUrlHandlerMapping      : Rejected bean name 'mvcUrlPathHelper': no URL paths identified
2018-07-10 15:41:02.430 DEBUG 8328 --- [main] o.s.w.s.h.BeanNameUrlHandlerMapping      : Rejected bean name 'viewControllerHandlerMapping': no URL paths identified
2018-07-10 15:41:02.430 DEBUG 8328 --- [main] o.s.w.s.h.BeanNameUrlHandlerMapping      : Rejected bean name 'beanNameHandlerMapping': no URL paths identified
2018-07-10 15:41:02.430 DEBUG 8328 --- [main] o.s.w.s.h.BeanNameUrlHandlerMapping      : Rejected bean name 'resourceHandlerMapping': no URL paths identified
2018-07-10 15:41:02.430 DEBUG 8328 --- [main] o.s.w.s.h.BeanNameUrlHandlerMapping      : Rejected bean name 'mvcResourceUrlProvider': no URL paths identified
2018-07-10 15:41:02.430 DEBUG 8328 --- [main] o.s.w.s.h.BeanNameUrlHandlerMapping      : Rejected bean name 'defaultServletHandlerMapping': no URL paths identified
2018-07-10 15:41:02.430 DEBUG 8328 --- [main] o.s.w.s.h.BeanNameUrlHandlerMapping      : Rejected bean name 'mvcUriComponentsContributor': no URL paths identified
2018-07-10 15:41:02.430 DEBUG 8328 --- [main] o.s.w.s.h.BeanNameUrlHandlerMapping      : Rejected bean name 'httpRequestHandlerAdapter': no URL paths identified
2018-07-10 15:41:02.430 DEBUG 8328 --- [main] o.s.w.s.h.BeanNameUrlHandlerMapping      : Rejected bean name 'simpleControllerHandlerAdapter': no URL paths identified
2018-07-10 15:41:02.430 DEBUG 8328 --- [main] o.s.w.s.h.BeanNameUrlHandlerMapping      : Rejected bean name 'handlerExceptionResolver': no URL paths identified
2018-07-10 15:41:02.430 DEBUG 8328 --- [main] o.s.w.s.h.BeanNameUrlHandlerMapping      : Rejected bean name 'mvcViewResolver': no URL paths identified
2018-07-10 15:41:02.430 DEBUG 8328 --- [main] o.s.w.s.h.BeanNameUrlHandlerMapping      : Rejected bean name 'mvcHandlerMappingIntrospector': no URL paths identified
2018-07-10 15:41:02.430 DEBUG 8328 --- [main] o.s.w.s.h.BeanNameUrlHandlerMapping      : Rejected bean name 'org.springframework.boot.autoconfigure.web.servlet.WebMvcAutoConfiguration$WebMvcAutoConfigurationAdapter': no URL paths identified
2018-07-10 15:41:02.430 DEBUG 8328 --- [main] o.s.w.s.h.BeanNameUrlHandlerMapping      : Rejected bean name 'defaultViewResolver': no URL paths identified
2018-07-10 15:41:02.430 DEBUG 8328 --- [main] o.s.w.s.h.BeanNameUrlHandlerMapping      : Rejected bean name 'viewResolver': no URL paths identified
2018-07-10 15:41:02.434 DEBUG 8328 --- [main] o.s.w.s.h.BeanNameUrlHandlerMapping      : Rejected bean name 'welcomePageHandlerMapping': no URL paths identified
2018-07-10 15:41:02.434 DEBUG 8328 --- [main] o.s.w.s.h.BeanNameUrlHandlerMapping      : Rejected bean name 'requestContextFilter': no URL paths identified
2018-07-10 15:41:02.434 DEBUG 8328 --- [main] o.s.w.s.h.BeanNameUrlHandlerMapping      : Rejected bean name 'org.springframework.boot.autoconfigure.web.servlet.WebMvcAutoConfiguration': no URL paths identified
2018-07-10 15:41:02.434 DEBUG 8328 --- [main] o.s.w.s.h.BeanNameUrlHandlerMapping      : Rejected bean name 'hiddenHttpMethodFilter': no URL paths identified
2018-07-10 15:41:02.434 DEBUG 8328 --- [main] o.s.w.s.h.BeanNameUrlHandlerMapping      : Rejected bean name 'httpPutFormContentFilter': no URL paths identified
2018-07-10 15:41:02.434 DEBUG 8328 --- [main] o.s.w.s.h.BeanNameUrlHandlerMapping      : Rejected bean name 'org.joinfaces.autoconfigure.javaxfaces.FacesServletAutoConfiguration': no URL paths identified
2018-07-10 15:41:02.434 DEBUG 8328 --- [main] o.s.w.s.h.BeanNameUrlHandlerMapping      : Rejected bean name 'facesServletRegistrationBean': no URL paths identified
2018-07-10 15:41:02.434 DEBUG 8328 --- [main] o.s.w.s.h.BeanNameUrlHandlerMapping      : Rejected bean name 'jsf.faces-servlet-org.joinfaces.autoconfigure.javaxfaces.FacesServletProperties': no URL paths identified
2018-07-10 15:41:02.434 DEBUG 8328 --- [main] o.s.w.s.h.BeanNameUrlHandlerMapping      : Rejected bean name 'org.joinfaces.autoconfigure.javaxfaces.JsfBeansAutoConfiguration$Jsf2_3AutoConfiguration': no URL paths identified
2018-07-10 15:41:02.434 DEBUG 8328 --- [main] o.s.w.s.h.BeanNameUrlHandlerMapping      : Rejected bean name 'jsfBeansAnnotationPostProcessor': no URL paths identified
2018-07-10 15:41:02.434 DEBUG 8328 --- [main] o.s.w.s.h.BeanNameUrlHandlerMapping      : Rejected bean name 'org.joinfaces.autoconfigure.javaxfaces.JsfBeansAutoConfiguration': no URL paths identified
2018-07-10 15:41:02.434 DEBUG 8328 --- [main] o.s.w.s.h.BeanNameUrlHandlerMapping      : Rejected bean name 'scopedTarget.application': no URL paths identified
2018-07-10 15:41:02.434 DEBUG 8328 --- [main] o.s.w.s.h.BeanNameUrlHandlerMapping      : Rejected bean name 'application': no URL paths identified
2018-07-10 15:41:02.434 DEBUG 8328 --- [main] o.s.w.s.h.BeanNameUrlHandlerMapping      : Rejected bean name 'scopedTarget.applicationScope': no URL paths identified
2018-07-10 15:41:02.434 DEBUG 8328 --- [main] o.s.w.s.h.BeanNameUrlHandlerMapping      : Rejected bean name 'applicationScope': no URL paths identified
2018-07-10 15:41:02.434 DEBUG 8328 --- [main] o.s.w.s.h.BeanNameUrlHandlerMapping      : Rejected bean name 'scopedTarget.cookie': no URL paths identified
2018-07-10 15:41:02.434 DEBUG 8328 --- [main] o.s.w.s.h.BeanNameUrlHandlerMapping      : Rejected bean name 'cookie': no URL paths identified
2018-07-10 15:41:02.434 DEBUG 8328 --- [main] o.s.w.s.h.BeanNameUrlHandlerMapping      : Rejected bean name 'scopedTarget.facesContext': no URL paths identified
2018-07-10 15:41:02.434 DEBUG 8328 --- [main] o.s.w.s.h.BeanNameUrlHandlerMapping      : Rejected bean name 'facesContext': no URL paths identified
2018-07-10 15:41:02.434 DEBUG 8328 --- [main] o.s.w.s.h.BeanNameUrlHandlerMapping      : Rejected bean name 'scopedTarget.flash': no URL paths identified
2018-07-10 15:41:02.434 DEBUG 8328 --- [main] o.s.w.s.h.BeanNameUrlHandlerMapping      : Rejected bean name 'flash': no URL paths identified
2018-07-10 15:41:02.434 DEBUG 8328 --- [main] o.s.w.s.h.BeanNameUrlHandlerMapping      : Rejected bean name 'scopedTarget.flowScope': no URL paths identified
2018-07-10 15:41:02.434 DEBUG 8328 --- [main] o.s.w.s.h.BeanNameUrlHandlerMapping      : Rejected bean name 'flowScope': no URL paths identified
2018-07-10 15:41:02.434 DEBUG 8328 --- [main] o.s.w.s.h.BeanNameUrlHandlerMapping      : Rejected bean name 'scopedTarget.header': no URL paths identified
2018-07-10 15:41:02.434 DEBUG 8328 --- [main] o.s.w.s.h.BeanNameUrlHandlerMapping      : Rejected bean name 'header': no URL paths identified
2018-07-10 15:41:02.434 DEBUG 8328 --- [main] o.s.w.s.h.BeanNameUrlHandlerMapping      : Rejected bean name 'scopedTarget.headerValues': no URL paths identified
2018-07-10 15:41:02.434 DEBUG 8328 --- [main] o.s.w.s.h.BeanNameUrlHandlerMapping      : Rejected bean name 'headerValues': no URL paths identified
2018-07-10 15:41:02.434 DEBUG 8328 --- [main] o.s.w.s.h.BeanNameUrlHandlerMapping      : Rejected bean name 'scopedTarget.initParam': no URL paths identified
2018-07-10 15:41:02.434 DEBUG 8328 --- [main] o.s.w.s.h.BeanNameUrlHandlerMapping      : Rejected bean name 'initParam': no URL paths identified
2018-07-10 15:41:02.434 DEBUG 8328 --- [main] o.s.w.s.h.BeanNameUrlHandlerMapping      : Rejected bean name 'scopedTarget.param': no URL paths identified
2018-07-10 15:41:02.434 DEBUG 8328 --- [main] o.s.w.s.h.BeanNameUrlHandlerMapping      : Rejected bean name 'param': no URL paths identified
2018-07-10 15:41:02.434 DEBUG 8328 --- [main] o.s.w.s.h.BeanNameUrlHandlerMapping      : Rejected bean name 'scopedTarget.paramValues': no URL paths identified
2018-07-10 15:41:02.438 DEBUG 8328 --- [main] o.s.w.s.h.BeanNameUrlHandlerMapping      : Rejected bean name 'paramValues': no URL paths identified
2018-07-10 15:41:02.438 DEBUG 8328 --- [main] o.s.w.s.h.BeanNameUrlHandlerMapping      : Rejected bean name 'scopedTarget.requestScope': no URL paths identified
2018-07-10 15:41:02.438 DEBUG 8328 --- [main] o.s.w.s.h.BeanNameUrlHandlerMapping      : Rejected bean name 'requestScope': no URL paths identified
2018-07-10 15:41:02.438 DEBUG 8328 --- [main] o.s.w.s.h.BeanNameUrlHandlerMapping      : Rejected bean name 'scopedTarget.resource': no URL paths identified
2018-07-10 15:41:02.438 DEBUG 8328 --- [main] o.s.w.s.h.BeanNameUrlHandlerMapping      : Rejected bean name 'resource': no URL paths identified
2018-07-10 15:41:02.438 DEBUG 8328 --- [main] o.s.w.s.h.BeanNameUrlHandlerMapping      : Rejected bean name 'scopedTarget.sessionScope': no URL paths identified
2018-07-10 15:41:02.438 DEBUG 8328 --- [main] o.s.w.s.h.BeanNameUrlHandlerMapping      : Rejected bean name 'sessionScope': no URL paths identified
2018-07-10 15:41:02.438 DEBUG 8328 --- [main] o.s.w.s.h.BeanNameUrlHandlerMapping      : Rejected bean name 'scopedTarget.view': no URL paths identified
2018-07-10 15:41:02.438 DEBUG 8328 --- [main] o.s.w.s.h.BeanNameUrlHandlerMapping      : Rejected bean name 'view': no URL paths identified
2018-07-10 15:41:02.438 DEBUG 8328 --- [main] o.s.w.s.h.BeanNameUrlHandlerMapping      : Rejected bean name 'scopedTarget.viewScope': no URL paths identified
2018-07-10 15:41:02.438 DEBUG 8328 --- [main] o.s.w.s.h.BeanNameUrlHandlerMapping      : Rejected bean name 'viewScope': no URL paths identified
2018-07-10 15:41:02.438 DEBUG 8328 --- [main] o.s.w.s.h.BeanNameUrlHandlerMapping      : Rejected bean name 'scopedTarget.externalContext': no URL paths identified
2018-07-10 15:41:02.438 DEBUG 8328 --- [main] o.s.w.s.h.BeanNameUrlHandlerMapping      : Rejected bean name 'externalContext': no URL paths identified
2018-07-10 15:41:02.438 DEBUG 8328 --- [main] o.s.w.s.h.BeanNameUrlHandlerMapping      : Rejected bean name 'org.joinfaces.autoconfigure.jpa.JpaWebAutoConfiguration': no URL paths identified
2018-07-10 15:41:02.438 DEBUG 8328 --- [main] o.s.w.s.h.BeanNameUrlHandlerMapping      : Rejected bean name 'openEntityManagerInViewFilter': no URL paths identified
2018-07-10 15:41:02.438 DEBUG 8328 --- [main] o.s.w.s.h.BeanNameUrlHandlerMapping      : Rejected bean name 'org.joinfaces.autoconfigure.primefaces.PrimefacesFileUploadServletContextAutoConfiguration': no URL paths identified
2018-07-10 15:41:02.438 DEBUG 8328 --- [main] o.s.w.s.h.BeanNameUrlHandlerMapping      : Rejected bean name 'primefacesFileUploadServletContextInitializer': no URL paths identified
2018-07-10 15:41:02.438 DEBUG 8328 --- [main] o.s.w.s.h.BeanNameUrlHandlerMapping      : Rejected bean name 'org.joinfaces.autoconfigure.scopemapping.JsfScopeAnnotationsAutoConfiguration': no URL paths identified
2018-07-10 15:41:02.438 DEBUG 8328 --- [main] o.s.w.s.h.BeanNameUrlHandlerMapping      : Rejected bean name 'jsfScopeAnnotationsConfigurer': no URL paths identified
2018-07-10 15:41:02.438 DEBUG 8328 --- [main] o.s.w.s.h.BeanNameUrlHandlerMapping      : Rejected bean name 'org.joinfaces.autoconfigure.servlet.initparams.ServletContextInitParameterPropertiesAutoConfiguration': no URL paths identified
2018-07-10 15:41:02.438 DEBUG 8328 --- [main] o.s.w.s.h.BeanNameUrlHandlerMapping      : Rejected bean name 'servletContextInitParameterInitializer': no URL paths identified
2018-07-10 15:41:02.438 DEBUG 8328 --- [main] o.s.w.s.h.BeanNameUrlHandlerMapping      : Rejected bean name 'org.joinfaces.autoconfigure.tomcat.TomcatAutoConfiguration': no URL paths identified
2018-07-10 15:41:02.438 DEBUG 8328 --- [main] o.s.w.s.h.BeanNameUrlHandlerMapping      : Rejected bean name 'jsfTomcatApplicationListener': no URL paths identified
2018-07-10 15:41:02.438 DEBUG 8328 --- [main] o.s.w.s.h.BeanNameUrlHandlerMapping      : Rejected bean name 'jsfTomcatFactoryCustomizer': no URL paths identified
2018-07-10 15:41:02.438 DEBUG 8328 --- [main] o.s.w.s.h.BeanNameUrlHandlerMapping      : Rejected bean name 'org.joinfaces.autoconfigure.viewscope.ViewScopeAutoConfiguration': no URL paths identified
2018-07-10 15:41:02.438 DEBUG 8328 --- [main] o.s.w.s.h.BeanNameUrlHandlerMapping      : Rejected bean name 'viewScopeConfigurer': no URL paths identified
2018-07-10 15:41:02.438 DEBUG 8328 --- [main] o.s.w.s.h.BeanNameUrlHandlerMapping      : Rejected bean name 'org.springframework.boot.autoconfigure.jmx.JmxAutoConfiguration': no URL paths identified
2018-07-10 15:41:02.438 DEBUG 8328 --- [main] o.s.w.s.h.BeanNameUrlHandlerMapping      : Rejected bean name 'mbeanExporter': no URL paths identified
2018-07-10 15:41:02.438 DEBUG 8328 --- [main] o.s.w.s.h.BeanNameUrlHandlerMapping      : Rejected bean name 'objectNamingStrategy': no URL paths identified
2018-07-10 15:41:02.438 DEBUG 8328 --- [main] o.s.w.s.h.BeanNameUrlHandlerMapping      : Rejected bean name 'mbeanServer': no URL paths identified
2018-07-10 15:41:02.438 DEBUG 8328 --- [main] o.s.w.s.h.BeanNameUrlHandlerMapping      : Rejected bean name 'org.springframework.boot.autoconfigure.admin.SpringApplicationAdminJmxAutoConfiguration': no URL paths identified
2018-07-10 15:41:02.438 DEBUG 8328 --- [main] o.s.w.s.h.BeanNameUrlHandlerMapping      : Rejected bean name 'springApplicationAdminRegistrar': no URL paths identified
2018-07-10 15:41:02.442 DEBUG 8328 --- [main] o.s.w.s.h.BeanNameUrlHandlerMapping      : Rejected bean name 'org.springframework.boot.autoconfigure.aop.AopAutoConfiguration$CglibAutoProxyConfiguration': no URL paths identified
2018-07-10 15:41:02.442 DEBUG 8328 --- [main] o.s.w.s.h.BeanNameUrlHandlerMapping      : Rejected bean name 'org.springframework.aop.config.internalAutoProxyCreator': no URL paths identified
2018-07-10 15:41:02.442 DEBUG 8328 --- [main] o.s.w.s.h.BeanNameUrlHandlerMapping      : Rejected bean name 'org.springframework.boot.autoconfigure.aop.AopAutoConfiguration': no URL paths identified
2018-07-10 15:41:02.442 DEBUG 8328 --- [main] o.s.w.s.h.BeanNameUrlHandlerMapping      : Rejected bean name 'org.springframework.boot.autoconfigure.context.ConfigurationPropertiesAutoConfiguration': no URL paths identified
2018-07-10 15:41:02.442 DEBUG 8328 --- [main] o.s.w.s.h.BeanNameUrlHandlerMapping      : Rejected bean name 'org.springframework.boot.autoconfigure.dao.PersistenceExceptionTranslationAutoConfiguration': no URL paths identified
2018-07-10 15:41:02.442 DEBUG 8328 --- [main] o.s.w.s.h.BeanNameUrlHandlerMapping      : Rejected bean name 'persistenceExceptionTranslationPostProcessor': no URL paths identified
2018-07-10 15:41:02.442 DEBUG 8328 --- [main] o.s.w.s.h.BeanNameUrlHandlerMapping      : Rejected bean name 'org.springframework.boot.autoconfigure.transaction.jta.JtaAutoConfiguration': no URL paths identified
2018-07-10 15:41:02.442 DEBUG 8328 --- [main] o.s.w.s.h.BeanNameUrlHandlerMapping      : Rejected bean name 'spring.jta-org.springframework.boot.autoconfigure.transaction.jta.JtaProperties': no URL paths identified
2018-07-10 15:41:02.442 DEBUG 8328 --- [main] o.s.w.s.h.BeanNameUrlHandlerMapping      : Rejected bean name 'org.springframework.boot.autoconfigure.jdbc.DataSourceConfiguration$Hikari': no URL paths identified
2018-07-10 15:41:02.442 DEBUG 8328 --- [main] o.s.w.s.h.BeanNameUrlHandlerMapping      : Rejected bean name 'dataSource': no URL paths identified
2018-07-10 15:41:02.442 DEBUG 8328 --- [main] o.s.w.s.h.BeanNameUrlHandlerMapping      : Rejected bean name 'org.springframework.boot.autoconfigure.jdbc.DataSourceJmxConfiguration$Hikari': no URL paths identified
2018-07-10 15:41:02.442 DEBUG 8328 --- [main] o.s.w.s.h.BeanNameUrlHandlerMapping      : Rejected bean name 'org.springframework.boot.autoconfigure.jdbc.DataSourceJmxConfiguration': no URL paths identified
2018-07-10 15:41:02.442 DEBUG 8328 --- [main] o.s.w.s.h.BeanNameUrlHandlerMapping      : Rejected bean name 'org.springframework.boot.autoconfigure.jdbc.DataSourceAutoConfiguration$PooledDataSourceConfiguration': no URL paths identified
2018-07-10 15:41:02.442 DEBUG 8328 --- [main] o.s.w.s.h.BeanNameUrlHandlerMapping      : Rejected bean name 'org.springframework.boot.autoconfigure.jdbc.metadata.DataSourcePoolMetadataProvidersConfiguration$HikariPoolDataSourceMetadataProviderConfiguration': no URL paths identified
2018-07-10 15:41:02.442 DEBUG 8328 --- [main] o.s.w.s.h.BeanNameUrlHandlerMapping      : Rejected bean name 'hikariPoolDataSourceMetadataProvider': no URL paths identified
2018-07-10 15:41:02.442 DEBUG 8328 --- [main] o.s.w.s.h.BeanNameUrlHandlerMapping      : Rejected bean name 'org.springframework.boot.autoconfigure.jdbc.metadata.DataSourcePoolMetadataProvidersConfiguration': no URL paths identified
2018-07-10 15:41:02.442 DEBUG 8328 --- [main] o.s.w.s.h.BeanNameUrlHandlerMapping      : Rejected bean name 'org.springframework.boot.autoconfigure.jdbc.DataSourceInitializerInvoker': no URL paths identified
2018-07-10 15:41:02.446 DEBUG 8328 --- [main] o.s.w.s.h.BeanNameUrlHandlerMapping      : Rejected bean name 'org.springframework.boot.autoconfigure.jdbc.DataSourceInitializationConfiguration': no URL paths identified
2018-07-10 15:41:02.446 DEBUG 8328 --- [main] o.s.w.s.h.BeanNameUrlHandlerMapping      : Rejected bean name 'dataSourceInitializerPostProcessor': no URL paths identified
2018-07-10 15:41:02.446 DEBUG 8328 --- [main] o.s.w.s.h.BeanNameUrlHandlerMapping      : Rejected bean name 'org.springframework.boot.autoconfigure.jdbc.DataSourceAutoConfiguration': no URL paths identified
2018-07-10 15:41:02.446 DEBUG 8328 --- [main] o.s.w.s.h.BeanNameUrlHandlerMapping      : Rejected bean name 'spring.datasource-org.springframework.boot.autoconfigure.jdbc.DataSourceProperties': no URL paths identified
2018-07-10 15:41:02.446 DEBUG 8328 --- [main] o.s.w.s.h.BeanNameUrlHandlerMapping      : Rejected bean name 'org.springframework.boot.autoconfigure.orm.jpa.HibernateJpaConfiguration': no URL paths identified
2018-07-10 15:41:02.446 DEBUG 8328 --- [main] o.s.w.s.h.BeanNameUrlHandlerMapping      : Rejected bean name 'transactionManager': no URL paths identified
2018-07-10 15:41:02.446 DEBUG 8328 --- [main] o.s.w.s.h.BeanNameUrlHandlerMapping      : Rejected bean name 'jpaVendorAdapter': no URL paths identified
2018-07-10 15:41:02.446 DEBUG 8328 --- [main] o.s.w.s.h.BeanNameUrlHandlerMapping      : Rejected bean name 'entityManagerFactoryBuilder': no URL paths identified
2018-07-10 15:41:02.446 DEBUG 8328 --- [main] o.s.w.s.h.BeanNameUrlHandlerMapping      : Rejected bean name 'entityManagerFactory': no URL paths identified
2018-07-10 15:41:02.446 DEBUG 8328 --- [main] o.s.w.s.h.BeanNameUrlHandlerMapping      : Rejected bean name 'spring.jpa-org.springframework.boot.autoconfigure.orm.jpa.JpaProperties': no URL paths identified
2018-07-10 15:41:02.446 DEBUG 8328 --- [main] o.s.w.s.h.BeanNameUrlHandlerMapping      : Rejected bean name 'dataSourceInitializedPublisher': no URL paths identified
2018-07-10 15:41:02.446 DEBUG 8328 --- [main] o.s.w.s.h.BeanNameUrlHandlerMapping      : Rejected bean name 'org.springframework.boot.autoconfigure.orm.jpa.HibernateJpaAutoConfiguration': no URL paths identified
2018-07-10 15:41:02.446 DEBUG 8328 --- [main] o.s.w.s.h.BeanNameUrlHandlerMapping      : Rejected bean name 'org.springframework.boot.autoconfigure.data.jpa.JpaRepositoriesAutoConfiguration': no URL paths identified
2018-07-10 15:41:02.446 DEBUG 8328 --- [main] o.s.w.s.h.BeanNameUrlHandlerMapping      : Rejected bean name 'emBeanDefinitionRegistrarPostProcessor': no URL paths identified
2018-07-10 15:41:02.446 DEBUG 8328 --- [main] o.s.w.s.h.BeanNameUrlHandlerMapping      : Rejected bean name 'jpaMappingContext': no URL paths identified
2018-07-10 15:41:02.446 DEBUG 8328 --- [main] o.s.w.s.h.BeanNameUrlHandlerMapping      : Rejected bean name 'jpaContext': no URL paths identified
2018-07-10 15:41:02.446 DEBUG 8328 --- [main] o.s.w.s.h.BeanNameUrlHandlerMapping      : Rejected bean name 'userRepository': no URL paths identified
2018-07-10 15:41:02.446 DEBUG 8328 --- [main] o.s.w.s.h.BeanNameUrlHandlerMapping      : Rejected bean name 'relationModelRepository': no URL paths identified
2018-07-10 15:41:02.446 DEBUG 8328 --- [main] o.s.w.s.h.BeanNameUrlHandlerMapping      : Rejected bean name 'reporterRepository': no URL paths identified
2018-07-10 15:41:02.446 DEBUG 8328 --- [main] o.s.w.s.h.BeanNameUrlHandlerMapping      : Rejected bean name 'additionRepository': no URL paths identified
2018-07-10 15:41:02.446 DEBUG 8328 --- [main] o.s.w.s.h.BeanNameUrlHandlerMapping      : Rejected bean name 'productRepository': no URL paths identified
2018-07-10 15:41:02.446 DEBUG 8328 --- [main] o.s.w.s.h.BeanNameUrlHandlerMapping      : Rejected bean name 'managerRepository': no URL paths identified
2018-07-10 15:41:02.446 DEBUG 8328 --- [main] o.s.w.s.h.BeanNameUrlHandlerMapping      : Rejected bean name 'orderRepository': no URL paths identified
2018-07-10 15:41:02.446 DEBUG 8328 --- [main] o.s.w.s.h.BeanNameUrlHandlerMapping      : Rejected bean name 'org.springframework.boot.autoconfigure.gson.GsonAutoConfiguration': no URL paths identified
2018-07-10 15:41:02.446 DEBUG 8328 --- [main] o.s.w.s.h.BeanNameUrlHandlerMapping      : Rejected bean name 'gsonBuilder': no URL paths identified
2018-07-10 15:41:02.446 DEBUG 8328 --- [main] o.s.w.s.h.BeanNameUrlHandlerMapping      : Rejected bean name 'gson': no URL paths identified
2018-07-10 15:41:02.446 DEBUG 8328 --- [main] o.s.w.s.h.BeanNameUrlHandlerMapping      : Rejected bean name 'standardGsonBuilderCustomizer': no URL paths identified
2018-07-10 15:41:02.446 DEBUG 8328 --- [main] o.s.w.s.h.BeanNameUrlHandlerMapping      : Rejected bean name 'spring.gson-org.springframework.boot.autoconfigure.gson.GsonProperties': no URL paths identified
2018-07-10 15:41:02.446 DEBUG 8328 --- [main] o.s.w.s.h.BeanNameUrlHandlerMapping      : Rejected bean name 'org.springframework.boot.autoconfigure.jackson.JacksonAutoConfiguration$Jackson2ObjectMapperBuilderCustomizerConfiguration': no URL paths identified
2018-07-10 15:41:02.446 DEBUG 8328 --- [main] o.s.w.s.h.BeanNameUrlHandlerMapping      : Rejected bean name 'standardJacksonObjectMapperBuilderCustomizer': no URL paths identified
2018-07-10 15:41:02.446 DEBUG 8328 --- [main] o.s.w.s.h.BeanNameUrlHandlerMapping      : Rejected bean name 'spring.jackson-org.springframework.boot.autoconfigure.jackson.JacksonProperties': no URL paths identified
2018-07-10 15:41:02.446 DEBUG 8328 --- [main] o.s.w.s.h.BeanNameUrlHandlerMapping      : Rejected bean name 'org.springframework.boot.autoconfigure.jackson.JacksonAutoConfiguration$JacksonObjectMapperBuilderConfiguration': no URL paths identified
2018-07-10 15:41:02.446 DEBUG 8328 --- [main] o.s.w.s.h.BeanNameUrlHandlerMapping      : Rejected bean name 'jacksonObjectMapperBuilder': no URL paths identified
2018-07-10 15:41:02.446 DEBUG 8328 --- [main] o.s.w.s.h.BeanNameUrlHandlerMapping      : Rejected bean name 'org.springframework.boot.autoconfigure.jackson.JacksonAutoConfiguration$ParameterNamesModuleConfiguration': no URL paths identified
2018-07-10 15:41:02.446 DEBUG 8328 --- [main] o.s.w.s.h.BeanNameUrlHandlerMapping      : Rejected bean name 'parameterNamesModule': no URL paths identified
2018-07-10 15:41:02.446 DEBUG 8328 --- [main] o.s.w.s.h.BeanNameUrlHandlerMapping      : Rejected bean name 'org.springframework.boot.autoconfigure.jackson.JacksonAutoConfiguration$JacksonObjectMapperConfiguration': no URL paths identified
2018-07-10 15:41:02.446 DEBUG 8328 --- [main] o.s.w.s.h.BeanNameUrlHandlerMapping      : Rejected bean name 'jacksonObjectMapper': no URL paths identified
2018-07-10 15:41:02.446 DEBUG 8328 --- [main] o.s.w.s.h.BeanNameUrlHandlerMapping      : Rejected bean name 'org.springframework.boot.autoconfigure.jackson.JacksonAutoConfiguration': no URL paths identified
2018-07-10 15:41:02.446 DEBUG 8328 --- [main] o.s.w.s.h.BeanNameUrlHandlerMapping      : Rejected bean name 'jsonComponentModule': no URL paths identified
2018-07-10 15:41:02.446 DEBUG 8328 --- [main] o.s.w.s.h.BeanNameUrlHandlerMapping      : Rejected bean name 'org.springframework.boot.autoconfigure.http.HttpMessageConvertersAutoConfiguration$StringHttpMessageConverterConfiguration': no URL paths identified
2018-07-10 15:41:02.446 DEBUG 8328 --- [main] o.s.w.s.h.BeanNameUrlHandlerMapping      : Rejected bean name 'stringHttpMessageConverter': no URL paths identified
2018-07-10 15:41:02.446 DEBUG 8328 --- [main] o.s.w.s.h.BeanNameUrlHandlerMapping      : Rejected bean name 'spring.http.encoding-org.springframework.boot.autoconfigure.http.HttpEncodingProperties': no URL paths identified
2018-07-10 15:41:02.446 DEBUG 8328 --- [main] o.s.w.s.h.BeanNameUrlHandlerMapping      : Rejected bean name 'org.springframework.boot.autoconfigure.http.JacksonHttpMessageConvertersConfiguration$MappingJackson2HttpMessageConverterConfiguration': no URL paths identified
2018-07-10 15:41:02.446 DEBUG 8328 --- [main] o.s.w.s.h.BeanNameUrlHandlerMapping      : Rejected bean name 'mappingJackson2HttpMessageConverter': no URL paths identified
2018-07-10 15:41:02.446 DEBUG 8328 --- [main] o.s.w.s.h.BeanNameUrlHandlerMapping      : Rejected bean name 'org.springframework.boot.autoconfigure.http.JacksonHttpMessageConvertersConfiguration': no URL paths identified
2018-07-10 15:41:02.446 DEBUG 8328 --- [main] o.s.w.s.h.BeanNameUrlHandlerMapping      : Rejected bean name 'org.springframework.boot.autoconfigure.http.GsonHttpMessageConvertersConfiguration': no URL paths identified
2018-07-10 15:41:02.446 DEBUG 8328 --- [main] o.s.w.s.h.BeanNameUrlHandlerMapping      : Rejected bean name 'org.springframework.boot.autoconfigure.http.HttpMessageConvertersAutoConfiguration': no URL paths identified
2018-07-10 15:41:02.446 DEBUG 8328 --- [main] o.s.w.s.h.BeanNameUrlHandlerMapping      : Rejected bean name 'messageConverters': no URL paths identified
2018-07-10 15:41:02.446 DEBUG 8328 --- [main] o.s.w.s.h.BeanNameUrlHandlerMapping      : Rejected bean name 'org.springframework.data.web.config.ProjectingArgumentResolverRegistrar': no URL paths identified
2018-07-10 15:41:02.446 DEBUG 8328 --- [main] o.s.w.s.h.BeanNameUrlHandlerMapping      : Rejected bean name 'projectingArgumentResolverBeanPostProcessor': no URL paths identified
2018-07-10 15:41:02.446 DEBUG 8328 --- [main] o.s.w.s.h.BeanNameUrlHandlerMapping      : Rejected bean name 'org.springframework.data.web.config.SpringDataWebConfiguration': no URL paths identified
2018-07-10 15:41:02.446 DEBUG 8328 --- [main] o.s.w.s.h.BeanNameUrlHandlerMapping      : Rejected bean name 'pageableResolver': no URL paths identified
2018-07-10 15:41:02.450 DEBUG 8328 --- [main] o.s.w.s.h.BeanNameUrlHandlerMapping      : Rejected bean name 'sortResolver': no URL paths identified
2018-07-10 15:41:02.450 DEBUG 8328 --- [main] o.s.w.s.h.BeanNameUrlHandlerMapping      : Rejected bean name 'org.springframework.data.web.config.SpringDataJacksonConfiguration': no URL paths identified
2018-07-10 15:41:02.450 DEBUG 8328 --- [main] o.s.w.s.h.BeanNameUrlHandlerMapping      : Rejected bean name 'jacksonGeoModule': no URL paths identified
2018-07-10 15:41:02.450 DEBUG 8328 --- [main] o.s.w.s.h.BeanNameUrlHandlerMapping      : Rejected bean name 'org.springframework.boot.autoconfigure.data.web.SpringDataWebAutoConfiguration': no URL paths identified
2018-07-10 15:41:02.450 DEBUG 8328 --- [main] o.s.w.s.h.BeanNameUrlHandlerMapping      : Rejected bean name 'pageableCustomizer': no URL paths identified
2018-07-10 15:41:02.450 DEBUG 8328 --- [main] o.s.w.s.h.BeanNameUrlHandlerMapping      : Rejected bean name 'sortCustomizer': no URL paths identified
2018-07-10 15:41:02.450 DEBUG 8328 --- [main] o.s.w.s.h.BeanNameUrlHandlerMapping      : Rejected bean name 'spring.data.web-org.springframework.boot.autoconfigure.data.web.SpringDataWebProperties': no URL paths identified
2018-07-10 15:41:02.450 DEBUG 8328 --- [main] o.s.w.s.h.BeanNameUrlHandlerMapping      : Rejected bean name 'org.springframework.boot.autoconfigure.http.codec.CodecsAutoConfiguration$JacksonCodecConfiguration': no URL paths identified
2018-07-10 15:41:02.450 DEBUG 8328 --- [main] o.s.w.s.h.BeanNameUrlHandlerMapping      : Rejected bean name 'jacksonCodecCustomizer': no URL paths identified
2018-07-10 15:41:02.450 DEBUG 8328 --- [main] o.s.w.s.h.BeanNameUrlHandlerMapping      : Rejected bean name 'org.springframework.boot.autoconfigure.http.codec.CodecsAutoConfiguration': no URL paths identified
2018-07-10 15:41:02.450 DEBUG 8328 --- [main] o.s.w.s.h.BeanNameUrlHandlerMapping      : Rejected bean name 'org.springframework.boot.autoconfigure.info.ProjectInfoAutoConfiguration': no URL paths identified
2018-07-10 15:41:02.450 DEBUG 8328 --- [main] o.s.w.s.h.BeanNameUrlHandlerMapping      : Rejected bean name 'spring.info-org.springframework.boot.autoconfigure.info.ProjectInfoProperties': no URL paths identified
2018-07-10 15:41:02.450 DEBUG 8328 --- [main] o.s.w.s.h.BeanNameUrlHandlerMapping      : Rejected bean name 'org.springframework.boot.autoconfigure.jdbc.JdbcTemplateAutoConfiguration$JdbcTemplateConfiguration': no URL paths identified
2018-07-10 15:41:02.450 DEBUG 8328 --- [main] o.s.w.s.h.BeanNameUrlHandlerMapping      : Rejected bean name 'jdbcTemplate': no URL paths identified
2018-07-10 15:41:02.450 DEBUG 8328 --- [main] o.s.w.s.h.BeanNameUrlHandlerMapping      : Rejected bean name 'org.springframework.boot.autoconfigure.jdbc.JdbcTemplateAutoConfiguration$NamedParameterJdbcTemplateConfiguration': no URL paths identified
2018-07-10 15:41:02.450 DEBUG 8328 --- [main] o.s.w.s.h.BeanNameUrlHandlerMapping      : Rejected bean name 'namedParameterJdbcTemplate': no URL paths identified
2018-07-10 15:41:02.450 DEBUG 8328 --- [main] o.s.w.s.h.BeanNameUrlHandlerMapping      : Rejected bean name 'org.springframework.boot.autoconfigure.jdbc.JdbcTemplateAutoConfiguration': no URL paths identified
2018-07-10 15:41:02.450 DEBUG 8328 --- [main] o.s.w.s.h.BeanNameUrlHandlerMapping      : Rejected bean name 'spring.jdbc-org.springframework.boot.autoconfigure.jdbc.JdbcProperties': no URL paths identified
2018-07-10 15:41:02.450 DEBUG 8328 --- [main] o.s.w.s.h.BeanNameUrlHandlerMapping      : Rejected bean name 'org.springframework.boot.autoconfigure.security.reactive.ReactiveSecurityAutoConfiguration': no URL paths identified
2018-07-10 15:41:02.450 DEBUG 8328 --- [main] o.s.w.s.h.BeanNameUrlHandlerMapping      : Rejected bean name 'spring.security-org.springframework.boot.autoconfigure.security.SecurityProperties': no URL paths identified
2018-07-10 15:41:02.450 DEBUG 8328 --- [main] o.s.w.s.h.BeanNameUrlHandlerMapping      : Rejected bean name 'org.springframework.boot.autoconfigure.jdbc.DataSourceTransactionManagerAutoConfiguration$DataSourceTransactionManagerConfiguration': no URL paths identified
2018-07-10 15:41:02.450 DEBUG 8328 --- [main] o.s.w.s.h.BeanNameUrlHandlerMapping      : Rejected bean name 'org.springframework.boot.autoconfigure.jdbc.DataSourceTransactionManagerAutoConfiguration': no URL paths identified
2018-07-10 15:41:02.450 DEBUG 8328 --- [main] o.s.w.s.h.BeanNameUrlHandlerMapping      : Rejected bean name 'org.springframework.transaction.annotation.ProxyTransactionManagementConfiguration': no URL paths identified
2018-07-10 15:41:02.450 DEBUG 8328 --- [main] o.s.w.s.h.BeanNameUrlHandlerMapping      : Rejected bean name 'org.springframework.transaction.config.internalTransactionAdvisor': no URL paths identified
2018-07-10 15:41:02.450 DEBUG 8328 --- [main] o.s.w.s.h.BeanNameUrlHandlerMapping      : Rejected bean name 'transactionAttributeSource': no URL paths identified
2018-07-10 15:41:02.450 DEBUG 8328 --- [main] o.s.w.s.h.BeanNameUrlHandlerMapping      : Rejected bean name 'transactionInterceptor': no URL paths identified
2018-07-10 15:41:02.450 DEBUG 8328 --- [main] o.s.w.s.h.BeanNameUrlHandlerMapping      : Rejected bean name 'org.springframework.transaction.config.internalTransactionalEventListenerFactory': no URL paths identified
2018-07-10 15:41:02.450 DEBUG 8328 --- [main] o.s.w.s.h.BeanNameUrlHandlerMapping      : Rejected bean name 'org.springframework.boot.autoconfigure.transaction.TransactionAutoConfiguration$EnableTransactionManagementConfiguration$CglibAutoProxyConfiguration': no URL paths identified
2018-07-10 15:41:02.450 DEBUG 8328 --- [main] o.s.w.s.h.BeanNameUrlHandlerMapping      : Rejected bean name 'org.springframework.boot.autoconfigure.transaction.TransactionAutoConfiguration$EnableTransactionManagementConfiguration': no URL paths identified
2018-07-10 15:41:02.450 DEBUG 8328 --- [main] o.s.w.s.h.BeanNameUrlHandlerMapping      : Rejected bean name 'org.springframework.boot.autoconfigure.transaction.TransactionAutoConfiguration$TransactionTemplateConfiguration': no URL paths identified
2018-07-10 15:41:02.450 DEBUG 8328 --- [main] o.s.w.s.h.BeanNameUrlHandlerMapping      : Rejected bean name 'transactionTemplate': no URL paths identified
2018-07-10 15:41:02.450 DEBUG 8328 --- [main] o.s.w.s.h.BeanNameUrlHandlerMapping      : Rejected bean name 'org.springframework.boot.autoconfigure.transaction.TransactionAutoConfiguration': no URL paths identified
2018-07-10 15:41:02.450 DEBUG 8328 --- [main] o.s.w.s.h.BeanNameUrlHandlerMapping      : Rejected bean name 'platformTransactionManagerCustomizers': no URL paths identified
2018-07-10 15:41:02.450 DEBUG 8328 --- [main] o.s.w.s.h.BeanNameUrlHandlerMapping      : Rejected bean name 'spring.transaction-org.springframework.boot.autoconfigure.transaction.TransactionProperties': no URL paths identified
2018-07-10 15:41:02.450 DEBUG 8328 --- [main] o.s.w.s.h.BeanNameUrlHandlerMapping      : Rejected bean name 'org.springframework.boot.autoconfigure.web.client.RestTemplateAutoConfiguration': no URL paths identified
2018-07-10 15:41:02.450 DEBUG 8328 --- [main] o.s.w.s.h.BeanNameUrlHandlerMapping      : Rejected bean name 'restTemplateBuilder': no URL paths identified
2018-07-10 15:41:02.450 DEBUG 8328 --- [main] o.s.w.s.h.BeanNameUrlHandlerMapping      : Rejected bean name 'org.springframework.boot.autoconfigure.web.embedded.EmbeddedWebServerFactoryCustomizerAutoConfiguration$TomcatWebServerFactoryCustomizerConfiguration': no URL paths identified
2018-07-10 15:41:02.450 DEBUG 8328 --- [main] o.s.w.s.h.BeanNameUrlHandlerMapping      : Rejected bean name 'tomcatWebServerFactoryCustomizer': no URL paths identified
2018-07-10 15:41:02.450 DEBUG 8328 --- [main] o.s.w.s.h.BeanNameUrlHandlerMapping      : Rejected bean name 'org.springframework.boot.autoconfigure.web.embedded.EmbeddedWebServerFactoryCustomizerAutoConfiguration': no URL paths identified
2018-07-10 15:41:02.450 DEBUG 8328 --- [main] o.s.w.s.h.BeanNameUrlHandlerMapping      : Rejected bean name 'org.springframework.boot.autoconfigure.web.servlet.HttpEncodingAutoConfiguration': no URL paths identified
2018-07-10 15:41:02.450 DEBUG 8328 --- [main] o.s.w.s.h.BeanNameUrlHandlerMapping      : Rejected bean name 'characterEncodingFilter': no URL paths identified
2018-07-10 15:41:02.450 DEBUG 8328 --- [main] o.s.w.s.h.BeanNameUrlHandlerMapping      : Rejected bean name 'localeCharsetMappingsCustomizer': no URL paths identified
2018-07-10 15:41:02.450 DEBUG 8328 --- [main] o.s.w.s.h.BeanNameUrlHandlerMapping      : Rejected bean name 'org.springframework.boot.autoconfigure.web.servlet.MultipartAutoConfiguration': no URL paths identified
2018-07-10 15:41:02.450 DEBUG 8328 --- [main] o.s.w.s.h.BeanNameUrlHandlerMapping      : Rejected bean name 'multipartConfigElement': no URL paths identified
2018-07-10 15:41:02.450 DEBUG 8328 --- [main] o.s.w.s.h.BeanNameUrlHandlerMapping      : Rejected bean name 'multipartResolver': no URL paths identified
2018-07-10 15:41:02.450 DEBUG 8328 --- [main] o.s.w.s.h.BeanNameUrlHandlerMapping      : Rejected bean name 'spring.servlet.multipart-org.springframework.boot.autoconfigure.web.servlet.MultipartProperties': no URL paths identified
2018-07-10 15:41:02.450 DEBUG 8328 --- [main] o.s.w.s.h.BeanNameUrlHandlerMapping      : Rejected bean name 'org.omnifaces.component.output.cache.CacheInitializerListener': no URL paths identified
2018-07-10 15:41:02.450 DEBUG 8328 --- [main] o.s.w.s.h.BeanNameUrlHandlerMapping      : Rejected bean name 'org.omnifaces.facesviews.FacesViewsInitializerListener': no URL paths identified
2018-07-10 15:41:02.450 DEBUG 8328 --- [main] o.s.w.s.h.BeanNameUrlHandlerMapping      : Rejected bean name 'org.springframework.orm.jpa.SharedEntityManagerCreator#0': no URL paths identified
2018-07-10 15:41:02.450 DEBUG 8328 --- [main] o.s.w.s.h.BeanNameUrlHandlerMapping      : Rejected bean name 'autoConfigurationReport': no URL paths identified
2018-07-10 15:41:02.450 DEBUG 8328 --- [main] o.s.w.s.h.BeanNameUrlHandlerMapping      : Rejected bean name 'org.springframework.boot.context.ContextIdApplicationContextInitializer$ContextId': no URL paths identified
2018-07-10 15:41:02.450 DEBUG 8328 --- [main] o.s.w.s.h.BeanNameUrlHandlerMapping      : Rejected bean name 'springApplicationArguments': no URL paths identified
2018-07-10 15:41:02.450 DEBUG 8328 --- [main] o.s.w.s.h.BeanNameUrlHandlerMapping      : Rejected bean name 'springBootBanner': no URL paths identified
2018-07-10 15:41:02.450 DEBUG 8328 --- [main] o.s.w.s.h.BeanNameUrlHandlerMapping      : Rejected bean name 'springBootLoggingSystem': no URL paths identified
2018-07-10 15:41:02.450 DEBUG 8328 --- [main] o.s.w.s.h.BeanNameUrlHandlerMapping      : Rejected bean name 'environment': no URL paths identified
2018-07-10 15:41:02.450 DEBUG 8328 --- [main] o.s.w.s.h.BeanNameUrlHandlerMapping      : Rejected bean name 'systemProperties': no URL paths identified
2018-07-10 15:41:02.450 DEBUG 8328 --- [main] o.s.w.s.h.BeanNameUrlHandlerMapping      : Rejected bean name 'systemEnvironment': no URL paths identified
2018-07-10 15:41:02.450 DEBUG 8328 --- [main] o.s.w.s.h.BeanNameUrlHandlerMapping      : Rejected bean name 'org.springframework.context.annotation.ConfigurationClassPostProcessor.importRegistry': no URL paths identified
2018-07-10 15:41:02.450 DEBUG 8328 --- [main] o.s.w.s.h.BeanNameUrlHandlerMapping      : Rejected bean name 'messageSource': no URL paths identified
2018-07-10 15:41:02.450 DEBUG 8328 --- [main] o.s.w.s.h.BeanNameUrlHandlerMapping      : Rejected bean name 'applicationEventMulticaster': no URL paths identified
2018-07-10 15:41:02.450 DEBUG 8328 --- [main] o.s.w.s.h.BeanNameUrlHandlerMapping      : Rejected bean name 'servletContext': no URL paths identified
2018-07-10 15:41:02.450 DEBUG 8328 --- [main] o.s.w.s.h.BeanNameUrlHandlerMapping      : Rejected bean name 'contextParameters': no URL paths identified
2018-07-10 15:41:02.450 DEBUG 8328 --- [main] o.s.w.s.h.BeanNameUrlHandlerMapping      : Rejected bean name 'contextAttributes': no URL paths identified
2018-07-10 15:41:02.462  INFO 8328 --- [main] o.s.w.s.handler.SimpleUrlHandlerMapping  : Mapped URL path [/webjars/**] onto handler of type [class org.springframework.web.servlet.resource.ResourceHttpRequestHandler]
2018-07-10 15:41:02.462  INFO 8328 --- [main] o.s.w.s.handler.SimpleUrlHandlerMapping  : Mapped URL path [/**] onto handler of type [class org.springframework.web.servlet.resource.ResourceHttpRequestHandler]
2018-07-10 15:41:02.482 DEBUG 8328 --- [main] .m.m.a.ExceptionHandlerExceptionResolver : Looking for exception mappings: org.springframework.boot.web.servlet.context.AnnotationConfigServletWebServerApplicationContext@15eb5ee5: startup date [Tue Jul 10 15:40:52 EET 2018]; root of context hierarchy
2018-07-10 15:41:02.870  INFO 8328 --- [main] o.s.j.e.a.AnnotationMBeanExporter        : Registering beans for JMX exposure on startup
2018-07-10 15:41:02.874  INFO 8328 --- [main] o.s.j.e.a.AnnotationMBeanExporter        : Bean with name 'dataSource' has been autodetected for JMX exposure
2018-07-10 15:41:02.882  INFO 8328 --- [main] o.s.j.e.a.AnnotationMBeanExporter        : Located MBean 'dataSource': registering with JMX server as MBean [com.zaxxer.hikari:name=dataSource,type=HikariDataSource]
2018-07-10 15:41:02.890 DEBUG 8328 --- [main] o.s.w.s.resource.ResourceUrlProvider     : Looking for resource handler mappings
2018-07-10 15:41:02.894 DEBUG 8328 --- [main] o.s.w.s.resource.ResourceUrlProvider     : Found resource handler mapping: URL pattern="/**/favicon.ico", locations=[class path resource [META-INF/resources/], class path resource [resources/], class path resource [static/], class path resource [public/], ServletContext resource [/], class path resource []], resolvers=[org.springframework.web.servlet.resource.PathResourceResolver@7493d937]
2018-07-10 15:41:02.894 DEBUG 8328 --- [main] o.s.w.s.resource.ResourceUrlProvider     : Found resource handler mapping: URL pattern="/webjars/**", locations=[class path resource [META-INF/resources/webjars/]], resolvers=[org.springframework.web.servlet.resource.PathResourceResolver@5dc7841c]
2018-07-10 15:41:02.894 DEBUG 8328 --- [main] o.s.w.s.resource.ResourceUrlProvider     : Found resource handler mapping: URL pattern="/**", locations=[class path resource [META-INF/resources/], class path resource [resources/], class path resource [static/], class path resource [public/], ServletContext resource [/]], resolvers=[org.springframework.web.servlet.resource.PathResourceResolver@4d67d5a4]
2018-07-10 15:41:02.952  INFO 8328 --- [main] o.s.b.w.embedded.tomcat.TomcatWebServer  : Tomcat started on port(s): 8091 (http) with context path ''
2018-07-10 15:41:02.954 DEBUG 8328 --- [main] o.s.w.c.s.StandardServletEnvironment     : Adding PropertySource 'server.ports' with highest search precedence
2018-07-10 15:41:02.955  INFO 8328 --- [main] c.coffeemaster.CoffeemasterApplication   : Started CoffeemasterApplication in 10.51 seconds (JVM running for 11.748)
2018-07-10 15:41:03.996 DEBUG 8328 --- [http-nio-8091-exec-2] o.s.web.servlet.DispatcherServlet        : Initializing servlet 'dispatcherServlet'
2018-07-10 15:41:03.999  INFO 8328 --- [http-nio-8091-exec-2] o.a.c.c.C.[Tomcat].[localhost].[/]       : Initializing Spring FrameworkServlet 'dispatcherServlet'
2018-07-10 15:41:03.999  INFO 8328 --- [http-nio-8091-exec-2] o.s.web.servlet.DispatcherServlet        : FrameworkServlet 'dispatcherServlet': initialization started
2018-07-10 15:41:03.999 DEBUG 8328 --- [http-nio-8091-exec-2] o.s.web.servlet.DispatcherServlet        : Using MultipartResolver [org.springframework.web.multipart.support.StandardServletMultipartResolver@639cb788]
2018-07-10 15:41:04.007 DEBUG 8328 --- [http-nio-8091-exec-2] o.s.web.servlet.DispatcherServlet        : Unable to locate LocaleResolver with name 'localeResolver': using default [org.springframework.web.servlet.i18n.AcceptHeaderLocaleResolver@11e19985]
2018-07-10 15:41:04.015 DEBUG 8328 --- [http-nio-8091-exec-2] o.s.web.servlet.DispatcherServlet        : Unable to locate ThemeResolver with name 'themeResolver': using default [org.springframework.web.servlet.theme.FixedThemeResolver@4c79d506]
2018-07-10 15:41:04.027 DEBUG 8328 --- [http-nio-8091-exec-2] o.s.web.servlet.DispatcherServlet        : Unable to locate RequestToViewNameTranslator with name 'viewNameTranslator': using default [org.springframework.web.servlet.view.DefaultRequestToViewNameTranslator@4cdf59c5]
2018-07-10 15:41:04.043 DEBUG 8328 --- [http-nio-8091-exec-2] o.s.web.servlet.DispatcherServlet        : Unable to locate FlashMapManager with name 'flashMapManager': using default [org.springframework.web.servlet.support.SessionFlashMapManager@5c90d566]
2018-07-10 15:41:04.043 DEBUG 8328 --- [http-nio-8091-exec-2] o.s.web.servlet.DispatcherServlet        : Published WebApplicationContext of servlet 'dispatcherServlet' as ServletContext attribute with name [org.springframework.web.servlet.FrameworkServlet.CONTEXT.dispatcherServlet]
2018-07-10 15:41:04.043  INFO 8328 --- [http-nio-8091-exec-2] o.s.web.servlet.DispatcherServlet        : FrameworkServlet 'dispatcherServlet': initialization completed in 44 ms
2018-07-10 15:41:04.043 DEBUG 8328 --- [http-nio-8091-exec-2] o.s.web.servlet.DispatcherServlet        : Servlet 'dispatcherServlet' configured successfully
2018-07-10 15:41:04.047 DEBUG 8328 --- [http-nio-8091-exec-2] o.s.web.servlet.DispatcherServlet        : DispatcherServlet with name 'dispatcherServlet' processing GET request for [/favicon.ico]
2018-07-10 15:41:04.051 DEBUG 8328 --- [http-nio-8091-exec-2] o.s.w.s.handler.SimpleUrlHandlerMapping  : Matching patterns for request [/favicon.ico] are [/**/favicon.ico]
2018-07-10 15:41:04.055 DEBUG 8328 --- [http-nio-8091-exec-2] o.s.w.s.handler.SimpleUrlHandlerMapping  : URI Template variables for request [/favicon.ico] are {}
2018-07-10 15:41:04.055 DEBUG 8328 --- [http-nio-8091-exec-2] o.s.w.s.handler.SimpleUrlHandlerMapping  : Mapping [/favicon.ico] to HandlerExecutionChain with handler [ResourceHttpRequestHandler [locations=[class path resource [META-INF/resources/], class path resource [resources/], class path resource [static/], class path resource [public/], ServletContext resource [/], class path resource []], resolvers=[org.springframework.web.servlet.resource.PathResourceResolver@7493d937]]] and 1 interceptor
2018-07-10 15:41:04.055 DEBUG 8328 --- [http-nio-8091-exec-2] o.s.web.servlet.DispatcherServlet        : Last-Modified value for [/favicon.ico] is: -1
2018-07-10 15:41:04.087 DEBUG 8328 --- [http-nio-8091-exec-2] o.s.web.servlet.DispatcherServlet        : Null ModelAndView returned to DispatcherServlet with name 'dispatcherServlet': assuming HandlerAdapter completed request handling
2018-07-10 15:41:04.087 DEBUG 8328 --- [http-nio-8091-exec-2] o.s.web.servlet.DispatcherServlet        : Successfully completed request
2018-07-10 15:41:12.210  INFO 8328 --- [http-nio-8091-exec-3] c.c.controller.LoginController           : Login User
2018-07-10 15:41:28.032  INFO 8328 --- [http-nio-8091-exec-2] c.c.controller.OrderController           : Product value Changed
2018-07-10 15:41:28.032  INFO 8328 --- [http-nio-8091-exec-2] c.c.controller.OrderController           : Addition value changed
2018-07-10 15:41:29.159  INFO 8328 --- [http-nio-8091-exec-3] c.c.controller.OrderController           : Addition value changed
2018-07-10 15:41:35.272  INFO 8328 --- [http-nio-8091-exec-4] c.c.controller.OrderController           : Product Added
2018-07-10 15:41:36.259  INFO 8328 --- [http-nio-8091-exec-7] c.c.controller.OrderController           : Product value Changed
2018-07-10 15:41:38.013  INFO 8328 --- [http-nio-8091-exec-10] c.c.controller.OrderController           : Addition value changed
2018-07-10 15:41:38.015  INFO 8328 --- [http-nio-8091-exec-10] c.c.controller.OrderController           : Product Added
2018-07-10 15:41:39.369  INFO 8328 --- [http-nio-8091-exec-9] c.c.controller.OrderController           : Product value Changed
2018-07-10 15:41:40.551  INFO 8328 --- [http-nio-8091-exec-5] c.c.controller.OrderController           : Addition value changed
2018-07-10 15:41:41.502  INFO 8328 --- [http-nio-8091-exec-6] c.c.controller.OrderController           : Addition value changed
2018-07-10 15:41:42.749  INFO 8328 --- [http-nio-8091-exec-8] c.c.controller.OrderController           : Product Added
2018-07-10 15:41:43.727  INFO 8328 --- [http-nio-8091-exec-1] c.c.controller.OrderController           : Product Approve
2018-07-10 15:41:43.783  INFO 8328 --- [http-nio-8091-exec-2] c.c.controller.OrderDetailController     : Products not null
2018-07-10 15:41:43.786  INFO 8328 --- [http-nio-8091-exec-2] com.coffeemaster.util.PriceCalculation   : Total price calculated
2018-07-10 15:41:43.786  INFO 8328 --- [http-nio-8091-exec-2] com.coffeemaster.util.PriceCalculation   : Total price calculated
2018-07-10 15:41:43.786  INFO 8328 --- [http-nio-8091-exec-2] com.coffeemaster.util.PriceCalculation   : Total price calculated
2018-07-10 15:41:43.786  INFO 8328 --- [http-nio-8091-exec-2] com.coffeemaster.util.PriceCalculation   : Total discount calculated
2018-07-10 15:43:59.338 DEBUG 8328 --- [http-nio-8091-exec-10] o.s.web.servlet.DispatcherServlet        : DispatcherServlet with name 'dispatcherServlet' processing GET request for [/css/normalize.css]
2018-07-10 15:43:59.340 DEBUG 8328 --- [http-nio-8091-exec-10] s.w.s.m.m.a.RequestMappingHandlerMapping : Looking up handler method for path /css/normalize.css
2018-07-10 15:43:59.341 DEBUG 8328 --- [http-nio-8091-exec-10] s.w.s.m.m.a.RequestMappingHandlerMapping : Did not find handler method for [/css/normalize.css]
2018-07-10 15:43:59.341 DEBUG 8328 --- [http-nio-8091-exec-10] o.s.w.s.handler.SimpleUrlHandlerMapping  : Matching patterns for request [/css/normalize.css] are [/**]
2018-07-10 15:43:59.341 DEBUG 8328 --- [http-nio-8091-exec-10] o.s.w.s.handler.SimpleUrlHandlerMapping  : URI Template variables for request [/css/normalize.css] are {}
2018-07-10 15:43:59.345 DEBUG 8328 --- [http-nio-8091-exec-10] o.s.w.s.handler.SimpleUrlHandlerMapping  : Mapping [/css/normalize.css] to HandlerExecutionChain with handler [ResourceHttpRequestHandler [locations=[class path resource [META-INF/resources/], class path resource [resources/], class path resource [static/], class path resource [public/], ServletContext resource [/]], resolvers=[org.springframework.web.servlet.resource.PathResourceResolver@4d67d5a4]]] and 1 interceptor
2018-07-10 15:43:59.345 DEBUG 8328 --- [http-nio-8091-exec-10] o.s.web.servlet.DispatcherServlet        : Last-Modified value for [/css/normalize.css] is: -1
2018-07-10 15:43:59.353 DEBUG 8328 --- [http-nio-8091-exec-7] o.s.web.servlet.DispatcherServlet        : DispatcherServlet with name 'dispatcherServlet' processing GET request for [/css/style.css]
2018-07-10 15:43:59.353 DEBUG 8328 --- [http-nio-8091-exec-7] s.w.s.m.m.a.RequestMappingHandlerMapping : Looking up handler method for path /css/style.css
2018-07-10 15:43:59.357 DEBUG 8328 --- [http-nio-8091-exec-7] s.w.s.m.m.a.RequestMappingHandlerMapping : Did not find handler method for [/css/style.css]
2018-07-10 15:43:59.357 DEBUG 8328 --- [http-nio-8091-exec-7] o.s.w.s.handler.SimpleUrlHandlerMapping  : Matching patterns for request [/css/style.css] are [/**]
2018-07-10 15:43:59.357 DEBUG 8328 --- [http-nio-8091-exec-7] o.s.w.s.handler.SimpleUrlHandlerMapping  : URI Template variables for request [/css/style.css] are {}
2018-07-10 15:43:59.357 DEBUG 8328 --- [http-nio-8091-exec-7] o.s.w.s.handler.SimpleUrlHandlerMapping  : Mapping [/css/style.css] to HandlerExecutionChain with handler [ResourceHttpRequestHandler [locations=[class path resource [META-INF/resources/], class path resource [resources/], class path resource [static/], class path resource [public/], ServletContext resource [/]], resolvers=[org.springframework.web.servlet.resource.PathResourceResolver@4d67d5a4]]] and 1 interceptor
2018-07-10 15:43:59.357 DEBUG 8328 --- [http-nio-8091-exec-7] o.s.web.servlet.DispatcherServlet        : Last-Modified value for [/css/style.css] is: -1
2018-07-10 15:43:59.357 DEBUG 8328 --- [http-nio-8091-exec-5] o.s.web.servlet.DispatcherServlet        : DispatcherServlet with name 'dispatcherServlet' processing GET request for [/js/index.js]
2018-07-10 15:43:59.357 DEBUG 8328 --- [http-nio-8091-exec-5] s.w.s.m.m.a.RequestMappingHandlerMapping : Looking up handler method for path /js/index.js
2018-07-10 15:43:59.357 DEBUG 8328 --- [http-nio-8091-exec-5] s.w.s.m.m.a.RequestMappingHandlerMapping : Did not find handler method for [/js/index.js]
2018-07-10 15:43:59.357 DEBUG 8328 --- [http-nio-8091-exec-5] o.s.w.s.handler.SimpleUrlHandlerMapping  : Matching patterns for request [/js/index.js] are [/**]
2018-07-10 15:43:59.357 DEBUG 8328 --- [http-nio-8091-exec-5] o.s.w.s.handler.SimpleUrlHandlerMapping  : URI Template variables for request [/js/index.js] are {}
2018-07-10 15:43:59.357 DEBUG 8328 --- [http-nio-8091-exec-5] o.s.w.s.handler.SimpleUrlHandlerMapping  : Mapping [/js/index.js] to HandlerExecutionChain with handler [ResourceHttpRequestHandler [locations=[class path resource [META-INF/resources/], class path resource [resources/], class path resource [static/], class path resource [public/], ServletContext resource [/]], resolvers=[org.springframework.web.servlet.resource.PathResourceResolver@4d67d5a4]]] and 1 interceptor
2018-07-10 15:43:59.357 DEBUG 8328 --- [http-nio-8091-exec-5] o.s.web.servlet.DispatcherServlet        : Last-Modified value for [/js/index.js] is: -1
2018-07-10 15:43:59.361 DEBUG 8328 --- [http-nio-8091-exec-7] o.s.web.servlet.DispatcherServlet        : Null ModelAndView returned to DispatcherServlet with name 'dispatcherServlet': assuming HandlerAdapter completed request handling
2018-07-10 15:43:59.365 DEBUG 8328 --- [http-nio-8091-exec-7] o.s.web.servlet.DispatcherServlet        : Successfully completed request
2018-07-10 15:43:59.369 DEBUG 8328 --- [http-nio-8091-exec-5] o.s.web.servlet.DispatcherServlet        : Null ModelAndView returned to DispatcherServlet with name 'dispatcherServlet': assuming HandlerAdapter completed request handling
2018-07-10 15:43:59.369 DEBUG 8328 --- [http-nio-8091-exec-5] o.s.web.servlet.DispatcherServlet        : Successfully completed request
2018-07-10 15:43:59.377 DEBUG 8328 --- [http-nio-8091-exec-10] o.s.web.servlet.DispatcherServlet        : Null ModelAndView returned to DispatcherServlet with name 'dispatcherServlet': assuming HandlerAdapter completed request handling
2018-07-10 15:43:59.377 DEBUG 8328 --- [http-nio-8091-exec-10] o.s.web.servlet.DispatcherServlet        : Successfully completed request
2018-07-10 15:44:44.753  INFO 8328 --- [http-nio-8091-exec-9] c.c.controller.RegisterController        : Person will be saved 
2018-07-10 15:45:00.834  INFO 8328 --- [http-nio-8091-exec-1] c.c.controller.LoginController           : Login User
2018-07-10 15:45:05.858  INFO 8328 --- [http-nio-8091-exec-3] c.c.controller.OrderController           : Product value Changed
2018-07-10 15:45:07.707  INFO 8328 --- [http-nio-8091-exec-4] c.c.controller.OrderController           : Addition value changed
2018-07-10 15:45:08.619  INFO 8328 --- [http-nio-8091-exec-7] c.c.controller.OrderController           : Product Added
2018-07-10 15:45:09.255  INFO 8328 --- [http-nio-8091-exec-5] c.c.controller.OrderController           : Product Approve
2018-07-10 15:45:09.270  INFO 8328 --- [http-nio-8091-exec-10] c.c.controller.OrderDetailController     : Products not null
2018-07-10 15:45:09.270  INFO 8328 --- [http-nio-8091-exec-10] com.coffeemaster.util.PriceCalculation   : Total price calculated
2018-07-10 15:45:09.270  INFO 8328 --- [http-nio-8091-exec-10] com.coffeemaster.util.PriceCalculation   : Total price calculated
2018-07-10 15:45:09.270  INFO 8328 --- [http-nio-8091-exec-10] com.coffeemaster.util.PriceCalculation   : Total price calculated
2018-07-10 15:45:09.270  INFO 8328 --- [http-nio-8091-exec-10] com.coffeemaster.util.PriceCalculation   : Total price calculated
2018-07-10 15:45:09.270  INFO 8328 --- [http-nio-8091-exec-10] com.coffeemaster.util.PriceCalculation   : Total discount calculated
2018-07-10 15:45:26.580  INFO 8328 --- [http-nio-8091-exec-8] c.c.controller.LoginController           : Login User
2018-07-10 15:45:28.412  INFO 8328 --- [http-nio-8091-exec-2] c.c.controller.OrderController           : Product Added
2018-07-10 15:45:28.995  INFO 8328 --- [http-nio-8091-exec-3] c.c.controller.OrderController           : Product Approve
2018-07-10 15:45:29.007  INFO 8328 --- [http-nio-8091-exec-4] c.c.controller.OrderDetailController     : Products not null
2018-07-10 15:45:29.007  INFO 8328 --- [http-nio-8091-exec-4] com.coffeemaster.util.PriceCalculation   : Total price calculated
2018-07-10 15:45:29.007  INFO 8328 --- [http-nio-8091-exec-4] com.coffeemaster.util.PriceCalculation   : Total price calculated
2018-07-10 15:45:29.007  INFO 8328 --- [http-nio-8091-exec-4] com.coffeemaster.util.PriceCalculation   : Total price calculated
2018-07-10 15:45:29.007  INFO 8328 --- [http-nio-8091-exec-4] com.coffeemaster.util.PriceCalculation   : Total price calculated
2018-07-10 15:45:29.007  INFO 8328 --- [http-nio-8091-exec-4] com.coffeemaster.util.PriceCalculation   : Total price calculated
2018-07-10 15:45:29.007  INFO 8328 --- [http-nio-8091-exec-4] com.coffeemaster.util.PriceCalculation   : Total discount calculated
2018-07-10 15:45:37.742  INFO 8328 --- [http-nio-8091-exec-9] c.c.controller.LoginController           : Catch Error
2018-07-10 15:45:37.746  INFO 8328 --- [http-nio-8091-exec-9] j.e.resource.webcontainer.jsf.renderkit  : WARNING: FacesMessage(s) have been enqueued, but may not have been displayed.
sourceId=null[severity=(INFO 0), summary=(You need to login to see secure pages), detail=(You need to login to see secure pages)]
2018-07-10 15:45:39.567  INFO 8328 --- [http-nio-8091-exec-6] c.c.controller.LoginController           : Catch Error
2018-07-10 15:45:39.575  INFO 8328 --- [http-nio-8091-exec-6] j.e.resource.webcontainer.jsf.renderkit  : WARNING: FacesMessage(s) have been enqueued, but may not have been displayed.
sourceId=null[severity=(INFO 0), summary=(You need to login to see secure pages), detail=(You need to login to see secure pages)]
2018-07-10 15:45:56.869  INFO 8328 --- [http-nio-8091-exec-8] c.c.controller.LoginController           : Login User
2018-07-10 15:45:58.423  INFO 8328 --- [http-nio-8091-exec-2] c.c.controller.OrderController           : Product Added
2018-07-10 15:45:59.246  INFO 8328 --- [http-nio-8091-exec-3] c.c.controller.OrderController           : Product Approve
2018-07-10 15:45:59.258  INFO 8328 --- [http-nio-8091-exec-4] c.c.controller.OrderDetailController     : Products not null
2018-07-10 15:45:59.258  INFO 8328 --- [http-nio-8091-exec-4] com.coffeemaster.util.PriceCalculation   : Total price calculated
2018-07-10 15:45:59.262  INFO 8328 --- [http-nio-8091-exec-4] com.coffeemaster.util.PriceCalculation   : Total price calculated
2018-07-10 15:45:59.262  INFO 8328 --- [http-nio-8091-exec-4] com.coffeemaster.util.PriceCalculation   : Total price calculated
2018-07-10 15:45:59.262  INFO 8328 --- [http-nio-8091-exec-4] com.coffeemaster.util.PriceCalculation   : Total price calculated
2018-07-10 15:45:59.262  INFO 8328 --- [http-nio-8091-exec-4] com.coffeemaster.util.PriceCalculation   : Total price calculated
2018-07-10 15:45:59.262  INFO 8328 --- [http-nio-8091-exec-4] com.coffeemaster.util.PriceCalculation   : Total price calculated
2018-07-10 15:45:59.262  INFO 8328 --- [http-nio-8091-exec-4] com.coffeemaster.util.PriceCalculation   : Total discount calculated
2018-07-10 16:10:05.457  INFO 8328 --- [RMI TCP Connection(2)-127.0.0.1] inMXBeanRegistrar$SpringApplicationAdmin : Application shutdown requested.
2018-07-10 16:10:05.463  INFO 8328 --- [RMI TCP Connection(2)-127.0.0.1] ConfigServletWebServerApplicationContext : Closing org.springframework.boot.web.servlet.context.AnnotationConfigServletWebServerApplicationContext@15eb5ee5: startup date [Tue Jul 10 15:40:52 EET 2018]; root of context hierarchy
2018-07-10 16:10:05.464  INFO 8328 --- [RMI TCP Connection(2)-127.0.0.1] o.s.j.e.a.AnnotationMBeanExporter        : Unregistering JMX-exposed beans on shutdown
2018-07-10 16:10:05.464  INFO 8328 --- [RMI TCP Connection(2)-127.0.0.1] o.s.j.e.a.AnnotationMBeanExporter        : Unregistering JMX-exposed beans
2018-07-10 16:10:05.464  INFO 8328 --- [RMI TCP Connection(2)-127.0.0.1] j.LocalContainerEntityManagerFactoryBean : Closing JPA EntityManagerFactory for persistence unit 'default'
2018-07-10 16:10:05.464  INFO 8328 --- [RMI TCP Connection(2)-127.0.0.1] com.zaxxer.hikari.HikariDataSource       : HikariPool-1 - Shutdown initiated...
2018-07-10 16:10:05.480  INFO 8328 --- [RMI TCP Connection(2)-127.0.0.1] com.zaxxer.hikari.HikariDataSource       : HikariPool-1 - Shutdown completed.
